[2019-01-17 10:06:01.8732] [WebCore.Startup+<>c__DisplayClass5_0.<Configure>b__9] [Info]: [网站启动] [] [CancellationTokenSource.ExecuteCallbackHandlers => ExecutionContext.RunInternal => <>c__DisplayClass5_0.<Configure>b__9] []
[2019-01-17 10:06:55.6057] [Microsoft.AspNetCore.Server.Kestrel.Https.Internal.HttpsConnectionAdapter+<InnerOnConnectionAsync>d__10.MoveNext] [Debug]: [Failed to authenticate HTTPS connection.] [] [AsyncStateMachineBox`1.MoveNext => ExecutionContext.RunInternal => <InnerOnConnectionAsync>d__10.MoveNext] []
[2019-01-17 10:06:55.8575] [Microsoft.AspNetCore.Server.Kestrel.Https.Internal.HttpsConnectionAdapter+<InnerOnConnectionAsync>d__10.MoveNext] [Debug]: [Failed to authenticate HTTPS connection.] [] [AsyncStateMachineBox`1.MoveNext => ExecutionContext.RunInternal => <InnerOnConnectionAsync>d__10.MoveNext] []
[2019-01-17 10:07:50.0982] [WebCore.Startup+<>c__DisplayClass5_0.<Configure>b__9] [Info]: [网站启动] [] [CancellationTokenSource.ExecuteCallbackHandlers => ExecutionContext.RunInternal => <>c__DisplayClass5_0.<Configure>b__9] []
[2019-01-17 10:08:04.3014] [Microsoft.AspNetCore.Server.Kestrel.Https.Internal.HttpsConnectionAdapter+<InnerOnConnectionAsync>d__10.MoveNext] [Debug]: [Failed to authenticate HTTPS connection.] [] [HttpsConnectionAdapter.InnerOnConnectionAsync => AsyncMethodBuilderCore.Start => <InnerOnConnectionAsync>d__10.MoveNext] []
[2019-01-17 10:08:41.2774] [WebCore.Startup+<>c__DisplayClass5_0.<Configure>b__9] [Info]: [网站启动] [] [CancellationTokenSource.ExecuteCallbackHandlers => ExecutionContext.RunInternal => <>c__DisplayClass5_0.<Configure>b__9] []
[2019-01-17 10:08:45.5033] [Microsoft.AspNetCore.Server.Kestrel.Https.Internal.HttpsConnectionAdapter+<InnerOnConnectionAsync>d__10.MoveNext] [Debug]: [Failed to authenticate HTTPS connection.] [] [HttpsConnectionAdapter.InnerOnConnectionAsync => AsyncMethodBuilderCore.Start => <InnerOnConnectionAsync>d__10.MoveNext] []
[2019-01-17 10:10:25.2841] [WebCore.Startup+<>c__DisplayClass5_0.<Configure>b__9] [Info]: [网站启动] [] [CancellationTokenSource.ExecuteCallbackHandlers => ExecutionContext.RunInternal => <>c__DisplayClass5_0.<Configure>b__9] []
[2019-01-17 10:10:32.9393] [Microsoft.AspNetCore.Server.Kestrel.Https.Internal.HttpsConnectionAdapter+<InnerOnConnectionAsync>d__10.MoveNext] [Debug]: [Failed to authenticate HTTPS connection.] [] [HttpsConnectionAdapter.InnerOnConnectionAsync => AsyncMethodBuilderCore.Start => <InnerOnConnectionAsync>d__10.MoveNext] []
[2019-01-17 10:15:13.7245] [WebCore.Startup+<>c__DisplayClass5_0.<Configure>b__9] [Info]: [网站启动] [] [CancellationTokenSource.ExecuteCallbackHandlers => ExecutionContext.RunInternal => <>c__DisplayClass5_0.<Configure>b__9] []
[2019-01-17 10:15:18.7579] [Microsoft.AspNetCore.Server.Kestrel.Https.Internal.HttpsConnectionAdapter+<InnerOnConnectionAsync>d__10.MoveNext] [Debug]: [Failed to authenticate HTTPS connection.] [] [AsyncStateMachineBox`1.MoveNext => ExecutionContext.RunInternal => <InnerOnConnectionAsync>d__10.MoveNext] []
[2019-01-17 10:15:18.7326] [Microsoft.AspNetCore.Server.Kestrel.Https.Internal.HttpsConnectionAdapter+<InnerOnConnectionAsync>d__10.MoveNext] [Debug]: [Failed to authenticate HTTPS connection.] [] [AsyncStateMachineBox`1.MoveNext => ExecutionContext.RunInternal => <InnerOnConnectionAsync>d__10.MoveNext] []
[2019-01-17 10:15:19.6782] [WebCore.Hosting.MyRabbitMqService+<StartAsync>d__5.MoveNext] [Info]: [RabbitMq开始监听] [] [AsyncStateMachineBox`1.MoveNext => ExecutionContext.RunInternal => <StartAsync>d__5.MoveNext] []
[2019-01-17 10:16:18.0707] [WebCore.Startup+<>c__DisplayClass5_0.<Configure>b__9] [Info]: [网站启动] [] [CancellationTokenSource.ExecuteCallbackHandlers => ExecutionContext.RunInternal => <>c__DisplayClass5_0.<Configure>b__9] []
[2019-01-17 10:16:20.0859] [Microsoft.AspNetCore.Server.Kestrel.Https.Internal.HttpsConnectionAdapter+<InnerOnConnectionAsync>d__10.MoveNext] [Debug]: [Failed to authenticate HTTPS connection.] [] [AsyncStateMachineBox`1.MoveNext => ExecutionContext.RunInternal => <InnerOnConnectionAsync>d__10.MoveNext] []
[2019-01-17 10:16:21.2605] [WebCore.Hosting.MyRabbitMqService+<StartAsync>d__5.MoveNext] [Info]: [RabbitMq开始监听] [] [AsyncStateMachineBox`1.MoveNext => ExecutionContext.RunInternal => <StartAsync>d__5.MoveNext] []
[2019-01-17 10:28:34.4240] [WebCore.Hosting.MyRabbitMqService.Process] [Info]: ["ssss"] [] [<>c__DisplayClass11_0.<HandleBasicDeliver>b__0 => RabbitListenerAbstract.<Register>b__19_0 => MyRabbitMqService.Process] []
[2019-01-17 10:31:01.9484] [WebCore.Hosting.MyRabbitMqService.Process] [Info]: ["2019/1/17 10:31:00"] [] [<>c__DisplayClass11_0.<HandleBasicDeliver>b__0 => RabbitListenerAbstract.<Register>b__19_0 => MyRabbitMqService.Process] []
[2019-01-17 10:31:01.9843] [WebCore.Hosting.MyRabbitMqService.Process] [Info]: ["2019/1/17 10:31:01"] [] [<>c__DisplayClass11_0.<HandleBasicDeliver>b__0 => RabbitListenerAbstract.<Register>b__19_0 => MyRabbitMqService.Process] []
[2019-01-17 10:31:02.0216] [WebCore.Hosting.MyRabbitMqService.Process] [Info]: ["2019/1/17 10:31:01"] [] [<>c__DisplayClass11_0.<HandleBasicDeliver>b__0 => RabbitListenerAbstract.<Register>b__19_0 => MyRabbitMqService.Process] []
[2019-01-17 10:31:02.0568] [WebCore.Hosting.MyRabbitMqService.Process] [Info]: ["2019/1/17 10:31:01"] [] [<>c__DisplayClass11_0.<HandleBasicDeliver>b__0 => RabbitListenerAbstract.<Register>b__19_0 => MyRabbitMqService.Process] []
[2019-01-17 10:31:02.0938] [WebCore.Hosting.MyRabbitMqService.Process] [Info]: ["2019/1/17 10:31:02"] [] [<>c__DisplayClass11_0.<HandleBasicDeliver>b__0 => RabbitListenerAbstract.<Register>b__19_0 => MyRabbitMqService.Process] []
[2019-01-17 10:31:02.1307] [WebCore.Hosting.MyRabbitMqService.Process] [Info]: ["2019/1/17 10:31:02"] [] [<>c__DisplayClass11_0.<HandleBasicDeliver>b__0 => RabbitListenerAbstract.<Register>b__19_0 => MyRabbitMqService.Process] []
[2019-01-17 10:31:02.1669] [WebCore.Hosting.MyRabbitMqService.Process] [Info]: ["2019/1/17 10:31:02"] [] [<>c__DisplayClass11_0.<HandleBasicDeliver>b__0 => RabbitListenerAbstract.<Register>b__19_0 => MyRabbitMqService.Process] []
[2019-01-17 10:31:02.2037] [WebCore.Hosting.MyRabbitMqService.Process] [Info]: ["2019/1/17 10:31:02"] [] [<>c__DisplayClass11_0.<HandleBasicDeliver>b__0 => RabbitListenerAbstract.<Register>b__19_0 => MyRabbitMqService.Process] []
[2019-01-17 10:31:02.2442] [WebCore.Hosting.MyRabbitMqService.Process] [Info]: ["2019/1/17 10:31:02"] [] [<>c__DisplayClass11_0.<HandleBasicDeliver>b__0 => RabbitListenerAbstract.<Register>b__19_0 => MyRabbitMqService.Process] []
[2019-01-17 10:31:02.2848] [WebCore.Hosting.MyRabbitMqService.Process] [Info]: ["2019/1/17 10:31:02"] [] [<>c__DisplayClass11_0.<HandleBasicDeliver>b__0 => RabbitListenerAbstract.<Register>b__19_0 => MyRabbitMqService.Process] []
[2019-01-17 10:31:02.3223] [WebCore.Hosting.MyRabbitMqService.Process] [Info]: ["2019/1/17 10:31:02"] [] [<>c__DisplayClass11_0.<HandleBasicDeliver>b__0 => RabbitListenerAbstract.<Register>b__19_0 => MyRabbitMqService.Process] []
[2019-01-17 10:31:02.3602] [WebCore.Hosting.MyRabbitMqService.Process] [Info]: ["2019/1/17 10:31:02"] [] [<>c__DisplayClass11_0.<HandleBasicDeliver>b__0 => RabbitListenerAbstract.<Register>b__19_0 => MyRabbitMqService.Process] []
[2019-01-17 10:31:02.3985] [WebCore.Hosting.MyRabbitMqService.Process] [Info]: ["2019/1/17 10:31:02"] [] [<>c__DisplayClass11_0.<HandleBasicDeliver>b__0 => RabbitListenerAbstract.<Register>b__19_0 => MyRabbitMqService.Process] []
[2019-01-17 10:31:02.4380] [WebCore.Hosting.MyRabbitMqService.Process] [Info]: ["2019/1/17 10:31:02"] [] [<>c__DisplayClass11_0.<HandleBasicDeliver>b__0 => RabbitListenerAbstract.<Register>b__19_0 => MyRabbitMqService.Process] []
[2019-01-17 10:31:02.4821] [WebCore.Hosting.MyRabbitMqService.Process] [Info]: ["2019/1/17 10:31:02"] [] [<>c__DisplayClass11_0.<HandleBasicDeliver>b__0 => RabbitListenerAbstract.<Register>b__19_0 => MyRabbitMqService.Process] []
[2019-01-17 10:31:02.5203] [WebCore.Hosting.MyRabbitMqService.Process] [Info]: ["2019/1/17 10:31:02"] [] [<>c__DisplayClass11_0.<HandleBasicDeliver>b__0 => RabbitListenerAbstract.<Register>b__19_0 => MyRabbitMqService.Process] []
[2019-01-17 10:31:02.5574] [WebCore.Hosting.MyRabbitMqService.Process] [Info]: ["2019/1/17 10:31:02"] [] [<>c__DisplayClass11_0.<HandleBasicDeliver>b__0 => RabbitListenerAbstract.<Register>b__19_0 => MyRabbitMqService.Process] []
[2019-01-17 10:31:02.5977] [WebCore.Hosting.MyRabbitMqService.Process] [Info]: ["2019/1/17 10:31:02"] [] [<>c__DisplayClass11_0.<HandleBasicDeliver>b__0 => RabbitListenerAbstract.<Register>b__19_0 => MyRabbitMqService.Process] []
[2019-01-17 10:31:02.6346] [WebCore.Hosting.MyRabbitMqService.Process] [Info]: ["2019/1/17 10:31:02"] [] [<>c__DisplayClass11_0.<HandleBasicDeliver>b__0 => RabbitListenerAbstract.<Register>b__19_0 => MyRabbitMqService.Process] []
[2019-01-17 10:31:02.6729] [WebCore.Hosting.MyRabbitMqService.Process] [Info]: ["2019/1/17 10:31:02"] [] [<>c__DisplayClass11_0.<HandleBasicDeliver>b__0 => RabbitListenerAbstract.<Register>b__19_0 => MyRabbitMqService.Process] []
[2019-01-17 10:31:02.7118] [WebCore.Hosting.MyRabbitMqService.Process] [Info]: ["2019/1/17 10:31:02"] [] [<>c__DisplayClass11_0.<HandleBasicDeliver>b__0 => RabbitListenerAbstract.<Register>b__19_0 => MyRabbitMqService.Process] []
[2019-01-17 10:31:02.7509] [WebCore.Hosting.MyRabbitMqService.Process] [Info]: ["2019/1/17 10:31:02"] [] [<>c__DisplayClass11_0.<HandleBasicDeliver>b__0 => RabbitListenerAbstract.<Register>b__19_0 => MyRabbitMqService.Process] []
[2019-01-17 10:31:02.7866] [WebCore.Hosting.MyRabbitMqService.Process] [Info]: ["2019/1/17 10:31:02"] [] [<>c__DisplayClass11_0.<HandleBasicDeliver>b__0 => RabbitListenerAbstract.<Register>b__19_0 => MyRabbitMqService.Process] []
[2019-01-17 10:31:02.8229] [WebCore.Hosting.MyRabbitMqService.Process] [Info]: ["2019/1/17 10:31:02"] [] [<>c__DisplayClass11_0.<HandleBasicDeliver>b__0 => RabbitListenerAbstract.<Register>b__19_0 => MyRabbitMqService.Process] []
[2019-01-17 10:31:02.8577] [WebCore.Hosting.MyRabbitMqService.Process] [Info]: ["2019/1/17 10:31:02"] [] [<>c__DisplayClass11_0.<HandleBasicDeliver>b__0 => RabbitListenerAbstract.<Register>b__19_0 => MyRabbitMqService.Process] []
[2019-01-17 10:31:02.8949] [WebCore.Hosting.MyRabbitMqService.Process] [Info]: ["2019/1/17 10:31:02"] [] [<>c__DisplayClass11_0.<HandleBasicDeliver>b__0 => RabbitListenerAbstract.<Register>b__19_0 => MyRabbitMqService.Process] []
[2019-01-17 10:31:02.9319] [WebCore.Hosting.MyRabbitMqService.Process] [Info]: ["2019/1/17 10:31:02"] [] [<>c__DisplayClass11_0.<HandleBasicDeliver>b__0 => RabbitListenerAbstract.<Register>b__19_0 => MyRabbitMqService.Process] []
[2019-01-17 10:31:02.9669] [WebCore.Hosting.MyRabbitMqService.Process] [Info]: ["2019/1/17 10:31:02"] [] [<>c__DisplayClass11_0.<HandleBasicDeliver>b__0 => RabbitListenerAbstract.<Register>b__19_0 => MyRabbitMqService.Process] []
[2019-01-17 10:31:03.0033] [WebCore.Hosting.MyRabbitMqService.Process] [Info]: ["2019/1/17 10:31:02"] [] [<>c__DisplayClass11_0.<HandleBasicDeliver>b__0 => RabbitListenerAbstract.<Register>b__19_0 => MyRabbitMqService.Process] []
[2019-01-17 10:31:03.0386] [WebCore.Hosting.MyRabbitMqService.Process] [Info]: ["2019/1/17 10:31:02"] [] [<>c__DisplayClass11_0.<HandleBasicDeliver>b__0 => RabbitListenerAbstract.<Register>b__19_0 => MyRabbitMqService.Process] []
[2019-01-17 10:31:03.0745] [WebCore.Hosting.MyRabbitMqService.Process] [Info]: ["2019/1/17 10:31:03"] [] [<>c__DisplayClass11_0.<HandleBasicDeliver>b__0 => RabbitListenerAbstract.<Register>b__19_0 => MyRabbitMqService.Process] []
[2019-01-17 10:31:03.1103] [WebCore.Hosting.MyRabbitMqService.Process] [Info]: ["2019/1/17 10:31:03"] [] [<>c__DisplayClass11_0.<HandleBasicDeliver>b__0 => RabbitListenerAbstract.<Register>b__19_0 => MyRabbitMqService.Process] []
[2019-01-17 10:31:03.1446] [WebCore.Hosting.MyRabbitMqService.Process] [Info]: ["2019/1/17 10:31:03"] [] [<>c__DisplayClass11_0.<HandleBasicDeliver>b__0 => RabbitListenerAbstract.<Register>b__19_0 => MyRabbitMqService.Process] []
[2019-01-17 10:31:03.2182] [WebCore.Hosting.MyRabbitMqService.Process] [Info]: ["2019/1/17 10:31:03"] [] [<>c__DisplayClass11_0.<HandleBasicDeliver>b__0 => RabbitListenerAbstract.<Register>b__19_0 => MyRabbitMqService.Process] []
[2019-01-17 10:31:03.2533] [WebCore.Hosting.MyRabbitMqService.Process] [Info]: ["2019/1/17 10:31:03"] [] [<>c__DisplayClass11_0.<HandleBasicDeliver>b__0 => RabbitListenerAbstract.<Register>b__19_0 => MyRabbitMqService.Process] []
[2019-01-17 10:31:03.2887] [WebCore.Hosting.MyRabbitMqService.Process] [Info]: ["2019/1/17 10:31:03"] [] [<>c__DisplayClass11_0.<HandleBasicDeliver>b__0 => RabbitListenerAbstract.<Register>b__19_0 => MyRabbitMqService.Process] []
[2019-01-17 10:31:03.3250] [WebCore.Hosting.MyRabbitMqService.Process] [Info]: ["2019/1/17 10:31:03"] [] [<>c__DisplayClass11_0.<HandleBasicDeliver>b__0 => RabbitListenerAbstract.<Register>b__19_0 => MyRabbitMqService.Process] []
[2019-01-17 10:31:03.3604] [WebCore.Hosting.MyRabbitMqService.Process] [Info]: ["2019/1/17 10:31:03"] [] [<>c__DisplayClass11_0.<HandleBasicDeliver>b__0 => RabbitListenerAbstract.<Register>b__19_0 => MyRabbitMqService.Process] []
[2019-01-17 10:31:03.3951] [WebCore.Hosting.MyRabbitMqService.Process] [Info]: ["2019/1/17 10:31:03"] [] [<>c__DisplayClass11_0.<HandleBasicDeliver>b__0 => RabbitListenerAbstract.<Register>b__19_0 => MyRabbitMqService.Process] []
[2019-01-17 10:31:03.4321] [WebCore.Hosting.MyRabbitMqService.Process] [Info]: ["2019/1/17 10:31:03"] [] [<>c__DisplayClass11_0.<HandleBasicDeliver>b__0 => RabbitListenerAbstract.<Register>b__19_0 => MyRabbitMqService.Process] []
[2019-01-17 10:31:03.4671] [WebCore.Hosting.MyRabbitMqService.Process] [Info]: ["2019/1/17 10:31:03"] [] [<>c__DisplayClass11_0.<HandleBasicDeliver>b__0 => RabbitListenerAbstract.<Register>b__19_0 => MyRabbitMqService.Process] []
[2019-01-17 10:31:03.5061] [WebCore.Hosting.MyRabbitMqService.Process] [Info]: ["2019/1/17 10:31:03"] [] [<>c__DisplayClass11_0.<HandleBasicDeliver>b__0 => RabbitListenerAbstract.<Register>b__19_0 => MyRabbitMqService.Process] []
[2019-01-17 10:31:03.5406] [WebCore.Hosting.MyRabbitMqService.Process] [Info]: ["2019/1/17 10:31:03"] [] [<>c__DisplayClass11_0.<HandleBasicDeliver>b__0 => RabbitListenerAbstract.<Register>b__19_0 => MyRabbitMqService.Process] []
[2019-01-17 10:31:03.5763] [WebCore.Hosting.MyRabbitMqService.Process] [Info]: ["2019/1/17 10:31:03"] [] [<>c__DisplayClass11_0.<HandleBasicDeliver>b__0 => RabbitListenerAbstract.<Register>b__19_0 => MyRabbitMqService.Process] []
[2019-01-17 10:31:03.6116] [WebCore.Hosting.MyRabbitMqService.Process] [Info]: ["2019/1/17 10:31:03"] [] [<>c__DisplayClass11_0.<HandleBasicDeliver>b__0 => RabbitListenerAbstract.<Register>b__19_0 => MyRabbitMqService.Process] []
[2019-01-17 10:31:03.6472] [WebCore.Hosting.MyRabbitMqService.Process] [Info]: ["2019/1/17 10:31:03"] [] [<>c__DisplayClass11_0.<HandleBasicDeliver>b__0 => RabbitListenerAbstract.<Register>b__19_0 => MyRabbitMqService.Process] []
[2019-01-17 10:31:03.6865] [WebCore.Hosting.MyRabbitMqService.Process] [Info]: ["2019/1/17 10:31:03"] [] [<>c__DisplayClass11_0.<HandleBasicDeliver>b__0 => RabbitListenerAbstract.<Register>b__19_0 => MyRabbitMqService.Process] []
[2019-01-17 10:31:03.7207] [WebCore.Hosting.MyRabbitMqService.Process] [Info]: ["2019/1/17 10:31:03"] [] [<>c__DisplayClass11_0.<HandleBasicDeliver>b__0 => RabbitListenerAbstract.<Register>b__19_0 => MyRabbitMqService.Process] []
[2019-01-17 10:31:03.7569] [WebCore.Hosting.MyRabbitMqService.Process] [Info]: ["2019/1/17 10:31:03"] [] [<>c__DisplayClass11_0.<HandleBasicDeliver>b__0 => RabbitListenerAbstract.<Register>b__19_0 => MyRabbitMqService.Process] []
[2019-01-17 10:31:03.7926] [WebCore.Hosting.MyRabbitMqService.Process] [Info]: ["2019/1/17 10:31:03"] [] [<>c__DisplayClass11_0.<HandleBasicDeliver>b__0 => RabbitListenerAbstract.<Register>b__19_0 => MyRabbitMqService.Process] []
[2019-01-17 10:31:03.8278] [WebCore.Hosting.MyRabbitMqService.Process] [Info]: ["2019/1/17 10:31:03"] [] [<>c__DisplayClass11_0.<HandleBasicDeliver>b__0 => RabbitListenerAbstract.<Register>b__19_0 => MyRabbitMqService.Process] []
[2019-01-17 10:31:03.8638] [WebCore.Hosting.MyRabbitMqService.Process] [Info]: ["2019/1/17 10:31:03"] [] [<>c__DisplayClass11_0.<HandleBasicDeliver>b__0 => RabbitListenerAbstract.<Register>b__19_0 => MyRabbitMqService.Process] []
[2019-01-17 10:31:03.8985] [WebCore.Hosting.MyRabbitMqService.Process] [Info]: ["2019/1/17 10:31:03"] [] [<>c__DisplayClass11_0.<HandleBasicDeliver>b__0 => RabbitListenerAbstract.<Register>b__19_0 => MyRabbitMqService.Process] []
[2019-01-17 10:31:03.9334] [WebCore.Hosting.MyRabbitMqService.Process] [Info]: ["2019/1/17 10:31:03"] [] [<>c__DisplayClass11_0.<HandleBasicDeliver>b__0 => RabbitListenerAbstract.<Register>b__19_0 => MyRabbitMqService.Process] []
[2019-01-17 10:31:03.9685] [WebCore.Hosting.MyRabbitMqService.Process] [Info]: ["2019/1/17 10:31:03"] [] [<>c__DisplayClass11_0.<HandleBasicDeliver>b__0 => RabbitListenerAbstract.<Register>b__19_0 => MyRabbitMqService.Process] []
[2019-01-17 10:31:04.0044] [WebCore.Hosting.MyRabbitMqService.Process] [Info]: ["2019/1/17 10:31:03"] [] [<>c__DisplayClass11_0.<HandleBasicDeliver>b__0 => RabbitListenerAbstract.<Register>b__19_0 => MyRabbitMqService.Process] []
[2019-01-17 10:31:04.0392] [WebCore.Hosting.MyRabbitMqService.Process] [Info]: ["2019/1/17 10:31:03"] [] [<>c__DisplayClass11_0.<HandleBasicDeliver>b__0 => RabbitListenerAbstract.<Register>b__19_0 => MyRabbitMqService.Process] []
[2019-01-17 10:31:04.0743] [WebCore.Hosting.MyRabbitMqService.Process] [Info]: ["2019/1/17 10:31:04"] [] [<>c__DisplayClass11_0.<HandleBasicDeliver>b__0 => RabbitListenerAbstract.<Register>b__19_0 => MyRabbitMqService.Process] []
[2019-01-17 10:31:04.1090] [WebCore.Hosting.MyRabbitMqService.Process] [Info]: ["2019/1/17 10:31:04"] [] [<>c__DisplayClass11_0.<HandleBasicDeliver>b__0 => RabbitListenerAbstract.<Register>b__19_0 => MyRabbitMqService.Process] []
[2019-01-17 10:31:04.1443] [WebCore.Hosting.MyRabbitMqService.Process] [Info]: ["2019/1/17 10:31:04"] [] [<>c__DisplayClass11_0.<HandleBasicDeliver>b__0 => RabbitListenerAbstract.<Register>b__19_0 => MyRabbitMqService.Process] []
[2019-01-17 10:31:04.1790] [WebCore.Hosting.MyRabbitMqService.Process] [Info]: ["2019/1/17 10:31:04"] [] [<>c__DisplayClass11_0.<HandleBasicDeliver>b__0 => RabbitListenerAbstract.<Register>b__19_0 => MyRabbitMqService.Process] []
[2019-01-17 10:31:04.2140] [WebCore.Hosting.MyRabbitMqService.Process] [Info]: ["2019/1/17 10:31:04"] [] [<>c__DisplayClass11_0.<HandleBasicDeliver>b__0 => RabbitListenerAbstract.<Register>b__19_0 => MyRabbitMqService.Process] []
[2019-01-17 10:31:04.2491] [WebCore.Hosting.MyRabbitMqService.Process] [Info]: ["2019/1/17 10:31:04"] [] [<>c__DisplayClass11_0.<HandleBasicDeliver>b__0 => RabbitListenerAbstract.<Register>b__19_0 => MyRabbitMqService.Process] []
[2019-01-17 10:31:04.2865] [WebCore.Hosting.MyRabbitMqService.Process] [Info]: ["2019/1/17 10:31:04"] [] [<>c__DisplayClass11_0.<HandleBasicDeliver>b__0 => RabbitListenerAbstract.<Register>b__19_0 => MyRabbitMqService.Process] []
[2019-01-17 10:31:04.3221] [WebCore.Hosting.MyRabbitMqService.Process] [Info]: ["2019/1/17 10:31:04"] [] [<>c__DisplayClass11_0.<HandleBasicDeliver>b__0 => RabbitListenerAbstract.<Register>b__19_0 => MyRabbitMqService.Process] []
[2019-01-17 10:31:04.3568] [WebCore.Hosting.MyRabbitMqService.Process] [Info]: ["2019/1/17 10:31:04"] [] [<>c__DisplayClass11_0.<HandleBasicDeliver>b__0 => RabbitListenerAbstract.<Register>b__19_0 => MyRabbitMqService.Process] []
[2019-01-17 10:31:04.3922] [WebCore.Hosting.MyRabbitMqService.Process] [Info]: ["2019/1/17 10:31:04"] [] [<>c__DisplayClass11_0.<HandleBasicDeliver>b__0 => RabbitListenerAbstract.<Register>b__19_0 => MyRabbitMqService.Process] []
[2019-01-17 10:31:04.4276] [WebCore.Hosting.MyRabbitMqService.Process] [Info]: ["2019/1/17 10:31:04"] [] [<>c__DisplayClass11_0.<HandleBasicDeliver>b__0 => RabbitListenerAbstract.<Register>b__19_0 => MyRabbitMqService.Process] []
[2019-01-17 10:31:04.4629] [WebCore.Hosting.MyRabbitMqService.Process] [Info]: ["2019/1/17 10:31:04"] [] [<>c__DisplayClass11_0.<HandleBasicDeliver>b__0 => RabbitListenerAbstract.<Register>b__19_0 => MyRabbitMqService.Process] []
[2019-01-17 10:31:04.4982] [WebCore.Hosting.MyRabbitMqService.Process] [Info]: ["2019/1/17 10:31:04"] [] [<>c__DisplayClass11_0.<HandleBasicDeliver>b__0 => RabbitListenerAbstract.<Register>b__19_0 => MyRabbitMqService.Process] []
[2019-01-17 10:31:04.5324] [WebCore.Hosting.MyRabbitMqService.Process] [Info]: ["2019/1/17 10:31:04"] [] [<>c__DisplayClass11_0.<HandleBasicDeliver>b__0 => RabbitListenerAbstract.<Register>b__19_0 => MyRabbitMqService.Process] []
[2019-01-17 10:31:04.5683] [WebCore.Hosting.MyRabbitMqService.Process] [Info]: ["2019/1/17 10:31:04"] [] [<>c__DisplayClass11_0.<HandleBasicDeliver>b__0 => RabbitListenerAbstract.<Register>b__19_0 => MyRabbitMqService.Process] []
[2019-01-17 10:31:04.6032] [WebCore.Hosting.MyRabbitMqService.Process] [Info]: ["2019/1/17 10:31:04"] [] [<>c__DisplayClass11_0.<HandleBasicDeliver>b__0 => RabbitListenerAbstract.<Register>b__19_0 => MyRabbitMqService.Process] []
[2019-01-17 10:31:04.6384] [WebCore.Hosting.MyRabbitMqService.Process] [Info]: ["2019/1/17 10:31:04"] [] [<>c__DisplayClass11_0.<HandleBasicDeliver>b__0 => RabbitListenerAbstract.<Register>b__19_0 => MyRabbitMqService.Process] []
[2019-01-17 10:31:04.6726] [WebCore.Hosting.MyRabbitMqService.Process] [Info]: ["2019/1/17 10:31:04"] [] [<>c__DisplayClass11_0.<HandleBasicDeliver>b__0 => RabbitListenerAbstract.<Register>b__19_0 => MyRabbitMqService.Process] []
[2019-01-17 10:31:04.7085] [WebCore.Hosting.MyRabbitMqService.Process] [Info]: ["2019/1/17 10:31:04"] [] [<>c__DisplayClass11_0.<HandleBasicDeliver>b__0 => RabbitListenerAbstract.<Register>b__19_0 => MyRabbitMqService.Process] []
[2019-01-17 10:31:04.7482] [WebCore.Hosting.MyRabbitMqService.Process] [Info]: ["2019/1/17 10:31:04"] [] [<>c__DisplayClass11_0.<HandleBasicDeliver>b__0 => RabbitListenerAbstract.<Register>b__19_0 => MyRabbitMqService.Process] []
[2019-01-17 10:31:04.7833] [WebCore.Hosting.MyRabbitMqService.Process] [Info]: ["2019/1/17 10:31:04"] [] [<>c__DisplayClass11_0.<HandleBasicDeliver>b__0 => RabbitListenerAbstract.<Register>b__19_0 => MyRabbitMqService.Process] []
[2019-01-17 10:31:04.8228] [WebCore.Hosting.MyRabbitMqService.Process] [Info]: ["2019/1/17 10:31:04"] [] [<>c__DisplayClass11_0.<HandleBasicDeliver>b__0 => RabbitListenerAbstract.<Register>b__19_0 => MyRabbitMqService.Process] []
[2019-01-17 10:31:04.8587] [WebCore.Hosting.MyRabbitMqService.Process] [Info]: ["2019/1/17 10:31:04"] [] [<>c__DisplayClass11_0.<HandleBasicDeliver>b__0 => RabbitListenerAbstract.<Register>b__19_0 => MyRabbitMqService.Process] []
[2019-01-17 10:31:04.8935] [WebCore.Hosting.MyRabbitMqService.Process] [Info]: ["2019/1/17 10:31:04"] [] [<>c__DisplayClass11_0.<HandleBasicDeliver>b__0 => RabbitListenerAbstract.<Register>b__19_0 => MyRabbitMqService.Process] []
[2019-01-17 10:31:04.9285] [WebCore.Hosting.MyRabbitMqService.Process] [Info]: ["2019/1/17 10:31:04"] [] [<>c__DisplayClass11_0.<HandleBasicDeliver>b__0 => RabbitListenerAbstract.<Register>b__19_0 => MyRabbitMqService.Process] []
[2019-01-17 10:31:04.9642] [WebCore.Hosting.MyRabbitMqService.Process] [Info]: ["2019/1/17 10:31:04"] [] [<>c__DisplayClass11_0.<HandleBasicDeliver>b__0 => RabbitListenerAbstract.<Register>b__19_0 => MyRabbitMqService.Process] []
[2019-01-17 10:31:04.9989] [WebCore.Hosting.MyRabbitMqService.Process] [Info]: ["2019/1/17 10:31:04"] [] [<>c__DisplayClass11_0.<HandleBasicDeliver>b__0 => RabbitListenerAbstract.<Register>b__19_0 => MyRabbitMqService.Process] []
[2019-01-17 10:31:05.0355] [WebCore.Hosting.MyRabbitMqService.Process] [Info]: ["2019/1/17 10:31:04"] [] [<>c__DisplayClass11_0.<HandleBasicDeliver>b__0 => RabbitListenerAbstract.<Register>b__19_0 => MyRabbitMqService.Process] []
[2019-01-17 10:31:05.0709] [WebCore.Hosting.MyRabbitMqService.Process] [Info]: ["2019/1/17 10:31:05"] [] [<>c__DisplayClass11_0.<HandleBasicDeliver>b__0 => RabbitListenerAbstract.<Register>b__19_0 => MyRabbitMqService.Process] []
[2019-01-17 10:31:05.1076] [WebCore.Hosting.MyRabbitMqService.Process] [Info]: ["2019/1/17 10:31:05"] [] [<>c__DisplayClass11_0.<HandleBasicDeliver>b__0 => RabbitListenerAbstract.<Register>b__19_0 => MyRabbitMqService.Process] []
[2019-01-17 10:31:05.1439] [WebCore.Hosting.MyRabbitMqService.Process] [Info]: ["2019/1/17 10:31:05"] [] [<>c__DisplayClass11_0.<HandleBasicDeliver>b__0 => RabbitListenerAbstract.<Register>b__19_0 => MyRabbitMqService.Process] []
[2019-01-17 10:31:05.1791] [WebCore.Hosting.MyRabbitMqService.Process] [Info]: ["2019/1/17 10:31:05"] [] [<>c__DisplayClass11_0.<HandleBasicDeliver>b__0 => RabbitListenerAbstract.<Register>b__19_0 => MyRabbitMqService.Process] []
[2019-01-17 10:31:05.2167] [WebCore.Hosting.MyRabbitMqService.Process] [Info]: ["2019/1/17 10:31:05"] [] [<>c__DisplayClass11_0.<HandleBasicDeliver>b__0 => RabbitListenerAbstract.<Register>b__19_0 => MyRabbitMqService.Process] []
[2019-01-17 10:31:05.2521] [WebCore.Hosting.MyRabbitMqService.Process] [Info]: ["2019/1/17 10:31:05"] [] [<>c__DisplayClass11_0.<HandleBasicDeliver>b__0 => RabbitListenerAbstract.<Register>b__19_0 => MyRabbitMqService.Process] []
[2019-01-17 10:31:05.2877] [WebCore.Hosting.MyRabbitMqService.Process] [Info]: ["2019/1/17 10:31:05"] [] [<>c__DisplayClass11_0.<HandleBasicDeliver>b__0 => RabbitListenerAbstract.<Register>b__19_0 => MyRabbitMqService.Process] []
[2019-01-17 10:31:05.3233] [WebCore.Hosting.MyRabbitMqService.Process] [Info]: ["2019/1/17 10:31:05"] [] [<>c__DisplayClass11_0.<HandleBasicDeliver>b__0 => RabbitListenerAbstract.<Register>b__19_0 => MyRabbitMqService.Process] []
[2019-01-17 10:31:05.3581] [WebCore.Hosting.MyRabbitMqService.Process] [Info]: ["2019/1/17 10:31:05"] [] [<>c__DisplayClass11_0.<HandleBasicDeliver>b__0 => RabbitListenerAbstract.<Register>b__19_0 => MyRabbitMqService.Process] []
[2019-01-17 10:31:05.3943] [WebCore.Hosting.MyRabbitMqService.Process] [Info]: ["2019/1/17 10:31:05"] [] [<>c__DisplayClass11_0.<HandleBasicDeliver>b__0 => RabbitListenerAbstract.<Register>b__19_0 => MyRabbitMqService.Process] []
[2019-01-17 10:31:05.4295] [WebCore.Hosting.MyRabbitMqService.Process] [Info]: ["2019/1/17 10:31:05"] [] [<>c__DisplayClass11_0.<HandleBasicDeliver>b__0 => RabbitListenerAbstract.<Register>b__19_0 => MyRabbitMqService.Process] []
[2019-01-17 10:31:05.4650] [WebCore.Hosting.MyRabbitMqService.Process] [Info]: ["2019/1/17 10:31:05"] [] [<>c__DisplayClass11_0.<HandleBasicDeliver>b__0 => RabbitListenerAbstract.<Register>b__19_0 => MyRabbitMqService.Process] []
[2019-01-17 10:31:05.5003] [WebCore.Hosting.MyRabbitMqService.Process] [Info]: ["2019/1/17 10:31:05"] [] [<>c__DisplayClass11_0.<HandleBasicDeliver>b__0 => RabbitListenerAbstract.<Register>b__19_0 => MyRabbitMqService.Process] []
[2019-01-17 10:31:05.5371] [WebCore.Hosting.MyRabbitMqService.Process] [Info]: ["2019/1/17 10:31:05"] [] [<>c__DisplayClass11_0.<HandleBasicDeliver>b__0 => RabbitListenerAbstract.<Register>b__19_0 => MyRabbitMqService.Process] []
[2019-01-17 10:31:05.5716] [WebCore.Hosting.MyRabbitMqService.Process] [Info]: ["2019/1/17 10:31:05"] [] [<>c__DisplayClass11_0.<HandleBasicDeliver>b__0 => RabbitListenerAbstract.<Register>b__19_0 => MyRabbitMqService.Process] []
[2019-01-17 10:31:05.6072] [WebCore.Hosting.MyRabbitMqService.Process] [Info]: ["2019/1/17 10:31:05"] [] [<>c__DisplayClass11_0.<HandleBasicDeliver>b__0 => RabbitListenerAbstract.<Register>b__19_0 => MyRabbitMqService.Process] []
[2019-01-17 10:31:05.6424] [WebCore.Hosting.MyRabbitMqService.Process] [Info]: ["2019/1/17 10:31:05"] [] [<>c__DisplayClass11_0.<HandleBasicDeliver>b__0 => RabbitListenerAbstract.<Register>b__19_0 => MyRabbitMqService.Process] []
[2019-01-17 10:31:05.6773] [WebCore.Hosting.MyRabbitMqService.Process] [Info]: ["2019/1/17 10:31:05"] [] [<>c__DisplayClass11_0.<HandleBasicDeliver>b__0 => RabbitListenerAbstract.<Register>b__19_0 => MyRabbitMqService.Process] []
[2019-01-17 10:31:05.7129] [WebCore.Hosting.MyRabbitMqService.Process] [Info]: ["2019/1/17 10:31:05"] [] [<>c__DisplayClass11_0.<HandleBasicDeliver>b__0 => RabbitListenerAbstract.<Register>b__19_0 => MyRabbitMqService.Process] []
[2019-01-17 10:31:05.7485] [WebCore.Hosting.MyRabbitMqService.Process] [Info]: ["2019/1/17 10:31:05"] [] [<>c__DisplayClass11_0.<HandleBasicDeliver>b__0 => RabbitListenerAbstract.<Register>b__19_0 => MyRabbitMqService.Process] []
[2019-01-17 10:31:05.7836] [WebCore.Hosting.MyRabbitMqService.Process] [Info]: ["2019/1/17 10:31:05"] [] [<>c__DisplayClass11_0.<HandleBasicDeliver>b__0 => RabbitListenerAbstract.<Register>b__19_0 => MyRabbitMqService.Process] []
[2019-01-17 10:31:05.8193] [WebCore.Hosting.MyRabbitMqService.Process] [Info]: ["2019/1/17 10:31:05"] [] [<>c__DisplayClass11_0.<HandleBasicDeliver>b__0 => RabbitListenerAbstract.<Register>b__19_0 => MyRabbitMqService.Process] []
[2019-01-17 10:31:05.8548] [WebCore.Hosting.MyRabbitMqService.Process] [Info]: ["2019/1/17 10:31:05"] [] [<>c__DisplayClass11_0.<HandleBasicDeliver>b__0 => RabbitListenerAbstract.<Register>b__19_0 => MyRabbitMqService.Process] []
[2019-01-17 10:31:05.8901] [WebCore.Hosting.MyRabbitMqService.Process] [Info]: ["2019/1/17 10:31:05"] [] [<>c__DisplayClass11_0.<HandleBasicDeliver>b__0 => RabbitListenerAbstract.<Register>b__19_0 => MyRabbitMqService.Process] []
[2019-01-17 10:31:05.9253] [WebCore.Hosting.MyRabbitMqService.Process] [Info]: ["2019/1/17 10:31:05"] [] [<>c__DisplayClass11_0.<HandleBasicDeliver>b__0 => RabbitListenerAbstract.<Register>b__19_0 => MyRabbitMqService.Process] []
[2019-01-17 10:31:05.9601] [WebCore.Hosting.MyRabbitMqService.Process] [Info]: ["2019/1/17 10:31:05"] [] [<>c__DisplayClass11_0.<HandleBasicDeliver>b__0 => RabbitListenerAbstract.<Register>b__19_0 => MyRabbitMqService.Process] []
[2019-01-17 10:31:05.9956] [WebCore.Hosting.MyRabbitMqService.Process] [Info]: ["2019/1/17 10:31:05"] [] [<>c__DisplayClass11_0.<HandleBasicDeliver>b__0 => RabbitListenerAbstract.<Register>b__19_0 => MyRabbitMqService.Process] []
[2019-01-17 10:31:06.0344] [WebCore.Hosting.MyRabbitMqService.Process] [Info]: ["2019/1/17 10:31:05"] [] [<>c__DisplayClass11_0.<HandleBasicDeliver>b__0 => RabbitListenerAbstract.<Register>b__19_0 => MyRabbitMqService.Process] []
[2019-01-17 10:31:06.0694] [WebCore.Hosting.MyRabbitMqService.Process] [Info]: ["2019/1/17 10:31:05"] [] [<>c__DisplayClass11_0.<HandleBasicDeliver>b__0 => RabbitListenerAbstract.<Register>b__19_0 => MyRabbitMqService.Process] []
[2019-01-17 10:31:06.1082] [WebCore.Hosting.MyRabbitMqService.Process] [Info]: ["2019/1/17 10:31:06"] [] [<>c__DisplayClass11_0.<HandleBasicDeliver>b__0 => RabbitListenerAbstract.<Register>b__19_0 => MyRabbitMqService.Process] []
[2019-01-17 10:31:06.1470] [WebCore.Hosting.MyRabbitMqService.Process] [Info]: ["2019/1/17 10:31:06"] [] [<>c__DisplayClass11_0.<HandleBasicDeliver>b__0 => RabbitListenerAbstract.<Register>b__19_0 => MyRabbitMqService.Process] []
[2019-01-17 10:31:06.1950] [WebCore.Hosting.MyRabbitMqService.Process] [Info]: ["2019/1/17 10:31:06"] [] [<>c__DisplayClass11_0.<HandleBasicDeliver>b__0 => RabbitListenerAbstract.<Register>b__19_0 => MyRabbitMqService.Process] []
[2019-01-17 10:31:06.2446] [WebCore.Hosting.MyRabbitMqService.Process] [Info]: ["2019/1/17 10:31:06"] [] [<>c__DisplayClass11_0.<HandleBasicDeliver>b__0 => RabbitListenerAbstract.<Register>b__19_0 => MyRabbitMqService.Process] []
[2019-01-17 10:31:06.2991] [WebCore.Hosting.MyRabbitMqService.Process] [Info]: ["2019/1/17 10:31:06"] [] [<>c__DisplayClass11_0.<HandleBasicDeliver>b__0 => RabbitListenerAbstract.<Register>b__19_0 => MyRabbitMqService.Process] []
[2019-01-17 10:31:06.3458] [WebCore.Hosting.MyRabbitMqService.Process] [Info]: ["2019/1/17 10:31:06"] [] [<>c__DisplayClass11_0.<HandleBasicDeliver>b__0 => RabbitListenerAbstract.<Register>b__19_0 => MyRabbitMqService.Process] []
[2019-01-17 10:31:06.3824] [WebCore.Hosting.MyRabbitMqService.Process] [Info]: ["2019/1/17 10:31:06"] [] [<>c__DisplayClass11_0.<HandleBasicDeliver>b__0 => RabbitListenerAbstract.<Register>b__19_0 => MyRabbitMqService.Process] []
[2019-01-17 10:31:06.4189] [WebCore.Hosting.MyRabbitMqService.Process] [Info]: ["2019/1/17 10:31:06"] [] [<>c__DisplayClass11_0.<HandleBasicDeliver>b__0 => RabbitListenerAbstract.<Register>b__19_0 => MyRabbitMqService.Process] []
[2019-01-17 10:31:06.4549] [WebCore.Hosting.MyRabbitMqService.Process] [Info]: ["2019/1/17 10:31:06"] [] [<>c__DisplayClass11_0.<HandleBasicDeliver>b__0 => RabbitListenerAbstract.<Register>b__19_0 => MyRabbitMqService.Process] []
[2019-01-17 10:31:06.4894] [WebCore.Hosting.MyRabbitMqService.Process] [Info]: ["2019/1/17 10:31:06"] [] [<>c__DisplayClass11_0.<HandleBasicDeliver>b__0 => RabbitListenerAbstract.<Register>b__19_0 => MyRabbitMqService.Process] []
[2019-01-17 10:31:06.5256] [WebCore.Hosting.MyRabbitMqService.Process] [Info]: ["2019/1/17 10:31:06"] [] [<>c__DisplayClass11_0.<HandleBasicDeliver>b__0 => RabbitListenerAbstract.<Register>b__19_0 => MyRabbitMqService.Process] []
[2019-01-17 10:31:06.5607] [WebCore.Hosting.MyRabbitMqService.Process] [Info]: ["2019/1/17 10:31:06"] [] [<>c__DisplayClass11_0.<HandleBasicDeliver>b__0 => RabbitListenerAbstract.<Register>b__19_0 => MyRabbitMqService.Process] []
[2019-01-17 10:31:06.5956] [WebCore.Hosting.MyRabbitMqService.Process] [Info]: ["2019/1/17 10:31:06"] [] [<>c__DisplayClass11_0.<HandleBasicDeliver>b__0 => RabbitListenerAbstract.<Register>b__19_0 => MyRabbitMqService.Process] []
[2019-01-17 10:31:06.6319] [WebCore.Hosting.MyRabbitMqService.Process] [Info]: ["2019/1/17 10:31:06"] [] [<>c__DisplayClass11_0.<HandleBasicDeliver>b__0 => RabbitListenerAbstract.<Register>b__19_0 => MyRabbitMqService.Process] []
[2019-01-17 10:31:06.6670] [WebCore.Hosting.MyRabbitMqService.Process] [Info]: ["2019/1/17 10:31:06"] [] [<>c__DisplayClass11_0.<HandleBasicDeliver>b__0 => RabbitListenerAbstract.<Register>b__19_0 => MyRabbitMqService.Process] []
[2019-01-17 10:31:06.7021] [WebCore.Hosting.MyRabbitMqService.Process] [Info]: ["2019/1/17 10:31:06"] [] [<>c__DisplayClass11_0.<HandleBasicDeliver>b__0 => RabbitListenerAbstract.<Register>b__19_0 => MyRabbitMqService.Process] []
[2019-01-17 10:31:06.7372] [WebCore.Hosting.MyRabbitMqService.Process] [Info]: ["2019/1/17 10:31:06"] [] [<>c__DisplayClass11_0.<HandleBasicDeliver>b__0 => RabbitListenerAbstract.<Register>b__19_0 => MyRabbitMqService.Process] []
[2019-01-17 10:31:06.7722] [WebCore.Hosting.MyRabbitMqService.Process] [Info]: ["2019/1/17 10:31:06"] [] [<>c__DisplayClass11_0.<HandleBasicDeliver>b__0 => RabbitListenerAbstract.<Register>b__19_0 => MyRabbitMqService.Process] []
[2019-01-17 10:31:06.8111] [WebCore.Hosting.MyRabbitMqService.Process] [Info]: ["2019/1/17 10:31:06"] [] [<>c__DisplayClass11_0.<HandleBasicDeliver>b__0 => RabbitListenerAbstract.<Register>b__19_0 => MyRabbitMqService.Process] []
[2019-01-17 10:31:06.8463] [WebCore.Hosting.MyRabbitMqService.Process] [Info]: ["2019/1/17 10:31:06"] [] [<>c__DisplayClass11_0.<HandleBasicDeliver>b__0 => RabbitListenerAbstract.<Register>b__19_0 => MyRabbitMqService.Process] []
[2019-01-17 10:31:06.8812] [WebCore.Hosting.MyRabbitMqService.Process] [Info]: ["2019/1/17 10:31:06"] [] [<>c__DisplayClass11_0.<HandleBasicDeliver>b__0 => RabbitListenerAbstract.<Register>b__19_0 => MyRabbitMqService.Process] []
[2019-01-17 10:31:06.9165] [WebCore.Hosting.MyRabbitMqService.Process] [Info]: ["2019/1/17 10:31:06"] [] [<>c__DisplayClass11_0.<HandleBasicDeliver>b__0 => RabbitListenerAbstract.<Register>b__19_0 => MyRabbitMqService.Process] []
[2019-01-17 10:31:06.9510] [WebCore.Hosting.MyRabbitMqService.Process] [Info]: ["2019/1/17 10:31:06"] [] [<>c__DisplayClass11_0.<HandleBasicDeliver>b__0 => RabbitListenerAbstract.<Register>b__19_0 => MyRabbitMqService.Process] []
[2019-01-17 10:31:06.9864] [WebCore.Hosting.MyRabbitMqService.Process] [Info]: ["2019/1/17 10:31:06"] [] [<>c__DisplayClass11_0.<HandleBasicDeliver>b__0 => RabbitListenerAbstract.<Register>b__19_0 => MyRabbitMqService.Process] []
[2019-01-17 10:31:07.0249] [WebCore.Hosting.MyRabbitMqService.Process] [Info]: ["2019/1/17 10:31:06"] [] [<>c__DisplayClass11_0.<HandleBasicDeliver>b__0 => RabbitListenerAbstract.<Register>b__19_0 => MyRabbitMqService.Process] []
[2019-01-17 10:31:07.0597] [WebCore.Hosting.MyRabbitMqService.Process] [Info]: ["2019/1/17 10:31:06"] [] [<>c__DisplayClass11_0.<HandleBasicDeliver>b__0 => RabbitListenerAbstract.<Register>b__19_0 => MyRabbitMqService.Process] []
[2019-01-17 10:31:07.0953] [WebCore.Hosting.MyRabbitMqService.Process] [Info]: ["2019/1/17 10:31:07"] [] [<>c__DisplayClass11_0.<HandleBasicDeliver>b__0 => RabbitListenerAbstract.<Register>b__19_0 => MyRabbitMqService.Process] []
[2019-01-17 10:31:07.1324] [WebCore.Hosting.MyRabbitMqService.Process] [Info]: ["2019/1/17 10:31:07"] [] [<>c__DisplayClass11_0.<HandleBasicDeliver>b__0 => RabbitListenerAbstract.<Register>b__19_0 => MyRabbitMqService.Process] []
[2019-01-17 10:31:07.1702] [WebCore.Hosting.MyRabbitMqService.Process] [Info]: ["2019/1/17 10:31:07"] [] [<>c__DisplayClass11_0.<HandleBasicDeliver>b__0 => RabbitListenerAbstract.<Register>b__19_0 => MyRabbitMqService.Process] []
[2019-01-17 10:31:07.2060] [WebCore.Hosting.MyRabbitMqService.Process] [Info]: ["2019/1/17 10:31:07"] [] [<>c__DisplayClass11_0.<HandleBasicDeliver>b__0 => RabbitListenerAbstract.<Register>b__19_0 => MyRabbitMqService.Process] []
[2019-01-17 10:31:07.2412] [WebCore.Hosting.MyRabbitMqService.Process] [Info]: ["2019/1/17 10:31:07"] [] [<>c__DisplayClass11_0.<HandleBasicDeliver>b__0 => RabbitListenerAbstract.<Register>b__19_0 => MyRabbitMqService.Process] []
[2019-01-17 10:31:07.2761] [WebCore.Hosting.MyRabbitMqService.Process] [Info]: ["2019/1/17 10:31:07"] [] [<>c__DisplayClass11_0.<HandleBasicDeliver>b__0 => RabbitListenerAbstract.<Register>b__19_0 => MyRabbitMqService.Process] []
[2019-01-17 10:31:07.3115] [WebCore.Hosting.MyRabbitMqService.Process] [Info]: ["2019/1/17 10:31:07"] [] [<>c__DisplayClass11_0.<HandleBasicDeliver>b__0 => RabbitListenerAbstract.<Register>b__19_0 => MyRabbitMqService.Process] []
[2019-01-17 10:31:07.3474] [WebCore.Hosting.MyRabbitMqService.Process] [Info]: ["2019/1/17 10:31:07"] [] [<>c__DisplayClass11_0.<HandleBasicDeliver>b__0 => RabbitListenerAbstract.<Register>b__19_0 => MyRabbitMqService.Process] []
[2019-01-17 10:31:07.3832] [WebCore.Hosting.MyRabbitMqService.Process] [Info]: ["2019/1/17 10:31:07"] [] [<>c__DisplayClass11_0.<HandleBasicDeliver>b__0 => RabbitListenerAbstract.<Register>b__19_0 => MyRabbitMqService.Process] []
[2019-01-17 10:31:07.4195] [WebCore.Hosting.MyRabbitMqService.Process] [Info]: ["2019/1/17 10:31:07"] [] [<>c__DisplayClass11_0.<HandleBasicDeliver>b__0 => RabbitListenerAbstract.<Register>b__19_0 => MyRabbitMqService.Process] []
[2019-01-17 10:31:07.4546] [WebCore.Hosting.MyRabbitMqService.Process] [Info]: ["2019/1/17 10:31:07"] [] [<>c__DisplayClass11_0.<HandleBasicDeliver>b__0 => RabbitListenerAbstract.<Register>b__19_0 => MyRabbitMqService.Process] []
[2019-01-17 10:31:07.4919] [WebCore.Hosting.MyRabbitMqService.Process] [Info]: ["2019/1/17 10:31:07"] [] [<>c__DisplayClass11_0.<HandleBasicDeliver>b__0 => RabbitListenerAbstract.<Register>b__19_0 => MyRabbitMqService.Process] []
[2019-01-17 10:31:07.5275] [WebCore.Hosting.MyRabbitMqService.Process] [Info]: ["2019/1/17 10:31:07"] [] [<>c__DisplayClass11_0.<HandleBasicDeliver>b__0 => RabbitListenerAbstract.<Register>b__19_0 => MyRabbitMqService.Process] []
[2019-01-17 10:31:07.5629] [WebCore.Hosting.MyRabbitMqService.Process] [Info]: ["2019/1/17 10:31:07"] [] [<>c__DisplayClass11_0.<HandleBasicDeliver>b__0 => RabbitListenerAbstract.<Register>b__19_0 => MyRabbitMqService.Process] []
[2019-01-17 10:31:07.5969] [WebCore.Hosting.MyRabbitMqService.Process] [Info]: ["2019/1/17 10:31:07"] [] [<>c__DisplayClass11_0.<HandleBasicDeliver>b__0 => RabbitListenerAbstract.<Register>b__19_0 => MyRabbitMqService.Process] []
[2019-01-17 10:31:07.6327] [WebCore.Hosting.MyRabbitMqService.Process] [Info]: ["2019/1/17 10:31:07"] [] [<>c__DisplayClass11_0.<HandleBasicDeliver>b__0 => RabbitListenerAbstract.<Register>b__19_0 => MyRabbitMqService.Process] []
[2019-01-17 10:31:07.6685] [WebCore.Hosting.MyRabbitMqService.Process] [Info]: ["2019/1/17 10:31:07"] [] [<>c__DisplayClass11_0.<HandleBasicDeliver>b__0 => RabbitListenerAbstract.<Register>b__19_0 => MyRabbitMqService.Process] []
[2019-01-17 10:31:07.7044] [WebCore.Hosting.MyRabbitMqService.Process] [Info]: ["2019/1/17 10:31:07"] [] [<>c__DisplayClass11_0.<HandleBasicDeliver>b__0 => RabbitListenerAbstract.<Register>b__19_0 => MyRabbitMqService.Process] []
[2019-01-17 10:31:07.7403] [WebCore.Hosting.MyRabbitMqService.Process] [Info]: ["2019/1/17 10:31:07"] [] [<>c__DisplayClass11_0.<HandleBasicDeliver>b__0 => RabbitListenerAbstract.<Register>b__19_0 => MyRabbitMqService.Process] []
[2019-01-17 10:31:07.7751] [WebCore.Hosting.MyRabbitMqService.Process] [Info]: ["2019/1/17 10:31:07"] [] [<>c__DisplayClass11_0.<HandleBasicDeliver>b__0 => RabbitListenerAbstract.<Register>b__19_0 => MyRabbitMqService.Process] []
[2019-01-17 10:31:07.8104] [WebCore.Hosting.MyRabbitMqService.Process] [Info]: ["2019/1/17 10:31:07"] [] [<>c__DisplayClass11_0.<HandleBasicDeliver>b__0 => RabbitListenerAbstract.<Register>b__19_0 => MyRabbitMqService.Process] []
[2019-01-17 10:31:07.8457] [WebCore.Hosting.MyRabbitMqService.Process] [Info]: ["2019/1/17 10:31:07"] [] [<>c__DisplayClass11_0.<HandleBasicDeliver>b__0 => RabbitListenerAbstract.<Register>b__19_0 => MyRabbitMqService.Process] []
[2019-01-17 10:31:07.8821] [WebCore.Hosting.MyRabbitMqService.Process] [Info]: ["2019/1/17 10:31:07"] [] [<>c__DisplayClass11_0.<HandleBasicDeliver>b__0 => RabbitListenerAbstract.<Register>b__19_0 => MyRabbitMqService.Process] []
[2019-01-17 10:31:07.9168] [WebCore.Hosting.MyRabbitMqService.Process] [Info]: ["2019/1/17 10:31:07"] [] [<>c__DisplayClass11_0.<HandleBasicDeliver>b__0 => RabbitListenerAbstract.<Register>b__19_0 => MyRabbitMqService.Process] []
[2019-01-17 10:31:07.9519] [WebCore.Hosting.MyRabbitMqService.Process] [Info]: ["2019/1/17 10:31:07"] [] [<>c__DisplayClass11_0.<HandleBasicDeliver>b__0 => RabbitListenerAbstract.<Register>b__19_0 => MyRabbitMqService.Process] []
[2019-01-17 10:31:07.9863] [WebCore.Hosting.MyRabbitMqService.Process] [Info]: ["2019/1/17 10:31:07"] [] [<>c__DisplayClass11_0.<HandleBasicDeliver>b__0 => RabbitListenerAbstract.<Register>b__19_0 => MyRabbitMqService.Process] []
[2019-01-17 10:31:08.0221] [WebCore.Hosting.MyRabbitMqService.Process] [Info]: ["2019/1/17 10:31:07"] [] [<>c__DisplayClass11_0.<HandleBasicDeliver>b__0 => RabbitListenerAbstract.<Register>b__19_0 => MyRabbitMqService.Process] []
[2019-01-17 10:31:08.0576] [WebCore.Hosting.MyRabbitMqService.Process] [Info]: ["2019/1/17 10:31:07"] [] [<>c__DisplayClass11_0.<HandleBasicDeliver>b__0 => RabbitListenerAbstract.<Register>b__19_0 => MyRabbitMqService.Process] []
[2019-01-17 10:31:08.0922] [WebCore.Hosting.MyRabbitMqService.Process] [Info]: ["2019/1/17 10:31:08"] [] [<>c__DisplayClass11_0.<HandleBasicDeliver>b__0 => RabbitListenerAbstract.<Register>b__19_0 => MyRabbitMqService.Process] []
[2019-01-17 10:31:08.1272] [WebCore.Hosting.MyRabbitMqService.Process] [Info]: ["2019/1/17 10:31:08"] [] [<>c__DisplayClass11_0.<HandleBasicDeliver>b__0 => RabbitListenerAbstract.<Register>b__19_0 => MyRabbitMqService.Process] []
[2019-01-17 10:31:08.1629] [WebCore.Hosting.MyRabbitMqService.Process] [Info]: ["2019/1/17 10:31:08"] [] [<>c__DisplayClass11_0.<HandleBasicDeliver>b__0 => RabbitListenerAbstract.<Register>b__19_0 => MyRabbitMqService.Process] []
[2019-01-17 10:31:08.2030] [WebCore.Hosting.MyRabbitMqService.Process] [Info]: ["2019/1/17 10:31:08"] [] [<>c__DisplayClass11_0.<HandleBasicDeliver>b__0 => RabbitListenerAbstract.<Register>b__19_0 => MyRabbitMqService.Process] []
[2019-01-17 10:31:08.2392] [WebCore.Hosting.MyRabbitMqService.Process] [Info]: ["2019/1/17 10:31:08"] [] [<>c__DisplayClass11_0.<HandleBasicDeliver>b__0 => RabbitListenerAbstract.<Register>b__19_0 => MyRabbitMqService.Process] []
[2019-01-17 10:31:08.2743] [WebCore.Hosting.MyRabbitMqService.Process] [Info]: ["2019/1/17 10:31:08"] [] [<>c__DisplayClass11_0.<HandleBasicDeliver>b__0 => RabbitListenerAbstract.<Register>b__19_0 => MyRabbitMqService.Process] []
[2019-01-17 10:31:08.3099] [WebCore.Hosting.MyRabbitMqService.Process] [Info]: ["2019/1/17 10:31:08"] [] [<>c__DisplayClass11_0.<HandleBasicDeliver>b__0 => RabbitListenerAbstract.<Register>b__19_0 => MyRabbitMqService.Process] []
[2019-01-17 10:31:08.3451] [WebCore.Hosting.MyRabbitMqService.Process] [Info]: ["2019/1/17 10:31:08"] [] [<>c__DisplayClass11_0.<HandleBasicDeliver>b__0 => RabbitListenerAbstract.<Register>b__19_0 => MyRabbitMqService.Process] []
[2019-01-17 10:31:08.3809] [WebCore.Hosting.MyRabbitMqService.Process] [Info]: ["2019/1/17 10:31:08"] [] [<>c__DisplayClass11_0.<HandleBasicDeliver>b__0 => RabbitListenerAbstract.<Register>b__19_0 => MyRabbitMqService.Process] []
[2019-01-17 10:31:08.4164] [WebCore.Hosting.MyRabbitMqService.Process] [Info]: ["2019/1/17 10:31:08"] [] [<>c__DisplayClass11_0.<HandleBasicDeliver>b__0 => RabbitListenerAbstract.<Register>b__19_0 => MyRabbitMqService.Process] []
[2019-01-17 10:31:08.4557] [WebCore.Hosting.MyRabbitMqService.Process] [Info]: ["2019/1/17 10:31:08"] [] [<>c__DisplayClass11_0.<HandleBasicDeliver>b__0 => RabbitListenerAbstract.<Register>b__19_0 => MyRabbitMqService.Process] []
[2019-01-17 10:31:08.4914] [WebCore.Hosting.MyRabbitMqService.Process] [Info]: ["2019/1/17 10:31:08"] [] [<>c__DisplayClass11_0.<HandleBasicDeliver>b__0 => RabbitListenerAbstract.<Register>b__19_0 => MyRabbitMqService.Process] []
[2019-01-17 10:31:08.5269] [WebCore.Hosting.MyRabbitMqService.Process] [Info]: ["2019/1/17 10:31:08"] [] [<>c__DisplayClass11_0.<HandleBasicDeliver>b__0 => RabbitListenerAbstract.<Register>b__19_0 => MyRabbitMqService.Process] []
[2019-01-17 10:31:08.5629] [WebCore.Hosting.MyRabbitMqService.Process] [Info]: ["2019/1/17 10:31:08"] [] [<>c__DisplayClass11_0.<HandleBasicDeliver>b__0 => RabbitListenerAbstract.<Register>b__19_0 => MyRabbitMqService.Process] []
[2019-01-17 10:31:08.5996] [WebCore.Hosting.MyRabbitMqService.Process] [Info]: ["2019/1/17 10:31:08"] [] [<>c__DisplayClass11_0.<HandleBasicDeliver>b__0 => RabbitListenerAbstract.<Register>b__19_0 => MyRabbitMqService.Process] []
[2019-01-17 10:31:08.6345] [WebCore.Hosting.MyRabbitMqService.Process] [Info]: ["2019/1/17 10:31:08"] [] [<>c__DisplayClass11_0.<HandleBasicDeliver>b__0 => RabbitListenerAbstract.<Register>b__19_0 => MyRabbitMqService.Process] []
[2019-01-17 10:31:08.6708] [WebCore.Hosting.MyRabbitMqService.Process] [Info]: ["2019/1/17 10:31:08"] [] [<>c__DisplayClass11_0.<HandleBasicDeliver>b__0 => RabbitListenerAbstract.<Register>b__19_0 => MyRabbitMqService.Process] []
[2019-01-17 10:31:08.7064] [WebCore.Hosting.MyRabbitMqService.Process] [Info]: ["2019/1/17 10:31:08"] [] [<>c__DisplayClass11_0.<HandleBasicDeliver>b__0 => RabbitListenerAbstract.<Register>b__19_0 => MyRabbitMqService.Process] []
[2019-01-17 10:31:08.7437] [WebCore.Hosting.MyRabbitMqService.Process] [Info]: ["2019/1/17 10:31:08"] [] [<>c__DisplayClass11_0.<HandleBasicDeliver>b__0 => RabbitListenerAbstract.<Register>b__19_0 => MyRabbitMqService.Process] []
[2019-01-17 10:31:08.7799] [WebCore.Hosting.MyRabbitMqService.Process] [Info]: ["2019/1/17 10:31:08"] [] [<>c__DisplayClass11_0.<HandleBasicDeliver>b__0 => RabbitListenerAbstract.<Register>b__19_0 => MyRabbitMqService.Process] []
[2019-01-17 10:31:08.8156] [WebCore.Hosting.MyRabbitMqService.Process] [Info]: ["2019/1/17 10:31:08"] [] [<>c__DisplayClass11_0.<HandleBasicDeliver>b__0 => RabbitListenerAbstract.<Register>b__19_0 => MyRabbitMqService.Process] []
[2019-01-17 10:31:08.8511] [WebCore.Hosting.MyRabbitMqService.Process] [Info]: ["2019/1/17 10:31:08"] [] [<>c__DisplayClass11_0.<HandleBasicDeliver>b__0 => RabbitListenerAbstract.<Register>b__19_0 => MyRabbitMqService.Process] []
[2019-01-17 10:31:08.8869] [WebCore.Hosting.MyRabbitMqService.Process] [Info]: ["2019/1/17 10:31:08"] [] [<>c__DisplayClass11_0.<HandleBasicDeliver>b__0 => RabbitListenerAbstract.<Register>b__19_0 => MyRabbitMqService.Process] []
[2019-01-17 10:31:08.9227] [WebCore.Hosting.MyRabbitMqService.Process] [Info]: ["2019/1/17 10:31:08"] [] [<>c__DisplayClass11_0.<HandleBasicDeliver>b__0 => RabbitListenerAbstract.<Register>b__19_0 => MyRabbitMqService.Process] []
[2019-01-17 10:31:08.9614] [WebCore.Hosting.MyRabbitMqService.Process] [Info]: ["2019/1/17 10:31:08"] [] [<>c__DisplayClass11_0.<HandleBasicDeliver>b__0 => RabbitListenerAbstract.<Register>b__19_0 => MyRabbitMqService.Process] []
[2019-01-17 10:31:08.9963] [WebCore.Hosting.MyRabbitMqService.Process] [Info]: ["2019/1/17 10:31:08"] [] [<>c__DisplayClass11_0.<HandleBasicDeliver>b__0 => RabbitListenerAbstract.<Register>b__19_0 => MyRabbitMqService.Process] []
[2019-01-17 10:31:09.0343] [WebCore.Hosting.MyRabbitMqService.Process] [Info]: ["2019/1/17 10:31:08"] [] [<>c__DisplayClass11_0.<HandleBasicDeliver>b__0 => RabbitListenerAbstract.<Register>b__19_0 => MyRabbitMqService.Process] []
[2019-01-17 10:31:09.0701] [WebCore.Hosting.MyRabbitMqService.Process] [Info]: ["2019/1/17 10:31:09"] [] [<>c__DisplayClass11_0.<HandleBasicDeliver>b__0 => RabbitListenerAbstract.<Register>b__19_0 => MyRabbitMqService.Process] []
[2019-01-17 10:31:09.1053] [WebCore.Hosting.MyRabbitMqService.Process] [Info]: ["2019/1/17 10:31:09"] [] [<>c__DisplayClass11_0.<HandleBasicDeliver>b__0 => RabbitListenerAbstract.<Register>b__19_0 => MyRabbitMqService.Process] []
[2019-01-17 10:31:09.1492] [WebCore.Hosting.MyRabbitMqService.Process] [Info]: ["2019/1/17 10:31:09"] [] [<>c__DisplayClass11_0.<HandleBasicDeliver>b__0 => RabbitListenerAbstract.<Register>b__19_0 => MyRabbitMqService.Process] []
[2019-01-17 10:31:09.4146] [WebCore.Hosting.MyRabbitMqService.Process] [Info]: ["2019/1/17 10:31:09"] [] [<>c__DisplayClass11_0.<HandleBasicDeliver>b__0 => RabbitListenerAbstract.<Register>b__19_0 => MyRabbitMqService.Process] []
[2019-01-17 10:31:09.4516] [WebCore.Hosting.MyRabbitMqService.Process] [Info]: ["2019/1/17 10:31:09"] [] [<>c__DisplayClass11_0.<HandleBasicDeliver>b__0 => RabbitListenerAbstract.<Register>b__19_0 => MyRabbitMqService.Process] []
[2019-01-17 10:31:09.4874] [WebCore.Hosting.MyRabbitMqService.Process] [Info]: ["2019/1/17 10:31:09"] [] [<>c__DisplayClass11_0.<HandleBasicDeliver>b__0 => RabbitListenerAbstract.<Register>b__19_0 => MyRabbitMqService.Process] []
[2019-01-17 10:31:09.5216] [WebCore.Hosting.MyRabbitMqService.Process] [Info]: ["2019/1/17 10:31:09"] [] [<>c__DisplayClass11_0.<HandleBasicDeliver>b__0 => RabbitListenerAbstract.<Register>b__19_0 => MyRabbitMqService.Process] []
[2019-01-17 10:31:09.5569] [WebCore.Hosting.MyRabbitMqService.Process] [Info]: ["2019/1/17 10:31:09"] [] [<>c__DisplayClass11_0.<HandleBasicDeliver>b__0 => RabbitListenerAbstract.<Register>b__19_0 => MyRabbitMqService.Process] []
[2019-01-17 10:31:09.5923] [WebCore.Hosting.MyRabbitMqService.Process] [Info]: ["2019/1/17 10:31:09"] [] [<>c__DisplayClass11_0.<HandleBasicDeliver>b__0 => RabbitListenerAbstract.<Register>b__19_0 => MyRabbitMqService.Process] []
[2019-01-17 10:31:09.6271] [WebCore.Hosting.MyRabbitMqService.Process] [Info]: ["2019/1/17 10:31:09"] [] [<>c__DisplayClass11_0.<HandleBasicDeliver>b__0 => RabbitListenerAbstract.<Register>b__19_0 => MyRabbitMqService.Process] []
[2019-01-17 10:31:09.6631] [WebCore.Hosting.MyRabbitMqService.Process] [Info]: ["2019/1/17 10:31:09"] [] [<>c__DisplayClass11_0.<HandleBasicDeliver>b__0 => RabbitListenerAbstract.<Register>b__19_0 => MyRabbitMqService.Process] []
[2019-01-17 10:31:09.6985] [WebCore.Hosting.MyRabbitMqService.Process] [Info]: ["2019/1/17 10:31:09"] [] [<>c__DisplayClass11_0.<HandleBasicDeliver>b__0 => RabbitListenerAbstract.<Register>b__19_0 => MyRabbitMqService.Process] []
[2019-01-17 10:31:09.7345] [WebCore.Hosting.MyRabbitMqService.Process] [Info]: ["2019/1/17 10:31:09"] [] [<>c__DisplayClass11_0.<HandleBasicDeliver>b__0 => RabbitListenerAbstract.<Register>b__19_0 => MyRabbitMqService.Process] []
[2019-01-17 10:31:09.7703] [WebCore.Hosting.MyRabbitMqService.Process] [Info]: ["2019/1/17 10:31:09"] [] [<>c__DisplayClass11_0.<HandleBasicDeliver>b__0 => RabbitListenerAbstract.<Register>b__19_0 => MyRabbitMqService.Process] []
[2019-01-17 10:31:09.8086] [WebCore.Hosting.MyRabbitMqService.Process] [Info]: ["2019/1/17 10:31:09"] [] [<>c__DisplayClass11_0.<HandleBasicDeliver>b__0 => RabbitListenerAbstract.<Register>b__19_0 => MyRabbitMqService.Process] []
[2019-01-17 10:31:09.8458] [WebCore.Hosting.MyRabbitMqService.Process] [Info]: ["2019/1/17 10:31:09"] [] [<>c__DisplayClass11_0.<HandleBasicDeliver>b__0 => RabbitListenerAbstract.<Register>b__19_0 => MyRabbitMqService.Process] []
[2019-01-17 10:31:09.8826] [WebCore.Hosting.MyRabbitMqService.Process] [Info]: ["2019/1/17 10:31:09"] [] [<>c__DisplayClass11_0.<HandleBasicDeliver>b__0 => RabbitListenerAbstract.<Register>b__19_0 => MyRabbitMqService.Process] []
[2019-01-17 10:31:09.9173] [WebCore.Hosting.MyRabbitMqService.Process] [Info]: ["2019/1/17 10:31:09"] [] [<>c__DisplayClass11_0.<HandleBasicDeliver>b__0 => RabbitListenerAbstract.<Register>b__19_0 => MyRabbitMqService.Process] []
[2019-01-17 10:31:09.9541] [WebCore.Hosting.MyRabbitMqService.Process] [Info]: ["2019/1/17 10:31:09"] [] [<>c__DisplayClass11_0.<HandleBasicDeliver>b__0 => RabbitListenerAbstract.<Register>b__19_0 => MyRabbitMqService.Process] []
[2019-01-17 10:31:09.9901] [WebCore.Hosting.MyRabbitMqService.Process] [Info]: ["2019/1/17 10:31:09"] [] [<>c__DisplayClass11_0.<HandleBasicDeliver>b__0 => RabbitListenerAbstract.<Register>b__19_0 => MyRabbitMqService.Process] []
[2019-01-17 10:31:10.0250] [WebCore.Hosting.MyRabbitMqService.Process] [Info]: ["2019/1/17 10:31:09"] [] [<>c__DisplayClass11_0.<HandleBasicDeliver>b__0 => RabbitListenerAbstract.<Register>b__19_0 => MyRabbitMqService.Process] []
[2019-01-17 10:31:10.0607] [WebCore.Hosting.MyRabbitMqService.Process] [Info]: ["2019/1/17 10:31:09"] [] [<>c__DisplayClass11_0.<HandleBasicDeliver>b__0 => RabbitListenerAbstract.<Register>b__19_0 => MyRabbitMqService.Process] []
[2019-01-17 10:31:10.0979] [WebCore.Hosting.MyRabbitMqService.Process] [Info]: ["2019/1/17 10:31:10"] [] [<>c__DisplayClass11_0.<HandleBasicDeliver>b__0 => RabbitListenerAbstract.<Register>b__19_0 => MyRabbitMqService.Process] []
[2019-01-17 10:31:10.1338] [WebCore.Hosting.MyRabbitMqService.Process] [Info]: ["2019/1/17 10:31:10"] [] [<>c__DisplayClass11_0.<HandleBasicDeliver>b__0 => RabbitListenerAbstract.<Register>b__19_0 => MyRabbitMqService.Process] []
[2019-01-17 10:31:10.1719] [WebCore.Hosting.MyRabbitMqService.Process] [Info]: ["2019/1/17 10:31:10"] [] [<>c__DisplayClass11_0.<HandleBasicDeliver>b__0 => RabbitListenerAbstract.<Register>b__19_0 => MyRabbitMqService.Process] []
[2019-01-17 10:31:10.2092] [WebCore.Hosting.MyRabbitMqService.Process] [Info]: ["2019/1/17 10:31:10"] [] [<>c__DisplayClass11_0.<HandleBasicDeliver>b__0 => RabbitListenerAbstract.<Register>b__19_0 => MyRabbitMqService.Process] []
[2019-01-17 10:31:10.2445] [WebCore.Hosting.MyRabbitMqService.Process] [Info]: ["2019/1/17 10:31:10"] [] [<>c__DisplayClass11_0.<HandleBasicDeliver>b__0 => RabbitListenerAbstract.<Register>b__19_0 => MyRabbitMqService.Process] []
[2019-01-17 10:31:10.2820] [WebCore.Hosting.MyRabbitMqService.Process] [Info]: ["2019/1/17 10:31:10"] [] [<>c__DisplayClass11_0.<HandleBasicDeliver>b__0 => RabbitListenerAbstract.<Register>b__19_0 => MyRabbitMqService.Process] []
[2019-01-17 10:31:10.3169] [WebCore.Hosting.MyRabbitMqService.Process] [Info]: ["2019/1/17 10:31:10"] [] [<>c__DisplayClass11_0.<HandleBasicDeliver>b__0 => RabbitListenerAbstract.<Register>b__19_0 => MyRabbitMqService.Process] []
[2019-01-17 10:31:10.3519] [WebCore.Hosting.MyRabbitMqService.Process] [Info]: ["2019/1/17 10:31:10"] [] [<>c__DisplayClass11_0.<HandleBasicDeliver>b__0 => RabbitListenerAbstract.<Register>b__19_0 => MyRabbitMqService.Process] []
[2019-01-17 10:31:10.3875] [WebCore.Hosting.MyRabbitMqService.Process] [Info]: ["2019/1/17 10:31:10"] [] [<>c__DisplayClass11_0.<HandleBasicDeliver>b__0 => RabbitListenerAbstract.<Register>b__19_0 => MyRabbitMqService.Process] []
[2019-01-17 10:31:10.4245] [WebCore.Hosting.MyRabbitMqService.Process] [Info]: ["2019/1/17 10:31:10"] [] [<>c__DisplayClass11_0.<HandleBasicDeliver>b__0 => RabbitListenerAbstract.<Register>b__19_0 => MyRabbitMqService.Process] []
[2019-01-17 10:31:10.4597] [WebCore.Hosting.MyRabbitMqService.Process] [Info]: ["2019/1/17 10:31:10"] [] [<>c__DisplayClass11_0.<HandleBasicDeliver>b__0 => RabbitListenerAbstract.<Register>b__19_0 => MyRabbitMqService.Process] []
[2019-01-17 10:31:10.4945] [WebCore.Hosting.MyRabbitMqService.Process] [Info]: ["2019/1/17 10:31:10"] [] [<>c__DisplayClass11_0.<HandleBasicDeliver>b__0 => RabbitListenerAbstract.<Register>b__19_0 => MyRabbitMqService.Process] []
[2019-01-17 10:31:10.5292] [WebCore.Hosting.MyRabbitMqService.Process] [Info]: ["2019/1/17 10:31:10"] [] [<>c__DisplayClass11_0.<HandleBasicDeliver>b__0 => RabbitListenerAbstract.<Register>b__19_0 => MyRabbitMqService.Process] []
[2019-01-17 10:31:10.5650] [WebCore.Hosting.MyRabbitMqService.Process] [Info]: ["2019/1/17 10:31:10"] [] [<>c__DisplayClass11_0.<HandleBasicDeliver>b__0 => RabbitListenerAbstract.<Register>b__19_0 => MyRabbitMqService.Process] []
[2019-01-17 10:31:10.6000] [WebCore.Hosting.MyRabbitMqService.Process] [Info]: ["2019/1/17 10:31:10"] [] [<>c__DisplayClass11_0.<HandleBasicDeliver>b__0 => RabbitListenerAbstract.<Register>b__19_0 => MyRabbitMqService.Process] []
[2019-01-17 10:31:10.6353] [WebCore.Hosting.MyRabbitMqService.Process] [Info]: ["2019/1/17 10:31:10"] [] [<>c__DisplayClass11_0.<HandleBasicDeliver>b__0 => RabbitListenerAbstract.<Register>b__19_0 => MyRabbitMqService.Process] []
[2019-01-17 10:31:10.6708] [WebCore.Hosting.MyRabbitMqService.Process] [Info]: ["2019/1/17 10:31:10"] [] [<>c__DisplayClass11_0.<HandleBasicDeliver>b__0 => RabbitListenerAbstract.<Register>b__19_0 => MyRabbitMqService.Process] []
[2019-01-17 10:31:10.7078] [WebCore.Hosting.MyRabbitMqService.Process] [Info]: ["2019/1/17 10:31:10"] [] [<>c__DisplayClass11_0.<HandleBasicDeliver>b__0 => RabbitListenerAbstract.<Register>b__19_0 => MyRabbitMqService.Process] []
[2019-01-17 10:31:10.7433] [WebCore.Hosting.MyRabbitMqService.Process] [Info]: ["2019/1/17 10:31:10"] [] [<>c__DisplayClass11_0.<HandleBasicDeliver>b__0 => RabbitListenerAbstract.<Register>b__19_0 => MyRabbitMqService.Process] []
[2019-01-17 10:31:10.7782] [WebCore.Hosting.MyRabbitMqService.Process] [Info]: ["2019/1/17 10:31:10"] [] [<>c__DisplayClass11_0.<HandleBasicDeliver>b__0 => RabbitListenerAbstract.<Register>b__19_0 => MyRabbitMqService.Process] []
[2019-01-17 10:31:10.8130] [WebCore.Hosting.MyRabbitMqService.Process] [Info]: ["2019/1/17 10:31:10"] [] [<>c__DisplayClass11_0.<HandleBasicDeliver>b__0 => RabbitListenerAbstract.<Register>b__19_0 => MyRabbitMqService.Process] []
[2019-01-17 10:31:10.8535] [WebCore.Hosting.MyRabbitMqService.Process] [Info]: ["2019/1/17 10:31:10"] [] [<>c__DisplayClass11_0.<HandleBasicDeliver>b__0 => RabbitListenerAbstract.<Register>b__19_0 => MyRabbitMqService.Process] []
[2019-01-17 10:31:10.8913] [WebCore.Hosting.MyRabbitMqService.Process] [Info]: ["2019/1/17 10:31:10"] [] [<>c__DisplayClass11_0.<HandleBasicDeliver>b__0 => RabbitListenerAbstract.<Register>b__19_0 => MyRabbitMqService.Process] []
[2019-01-17 10:31:10.9271] [WebCore.Hosting.MyRabbitMqService.Process] [Info]: ["2019/1/17 10:31:10"] [] [<>c__DisplayClass11_0.<HandleBasicDeliver>b__0 => RabbitListenerAbstract.<Register>b__19_0 => MyRabbitMqService.Process] []
[2019-01-17 10:31:10.9623] [WebCore.Hosting.MyRabbitMqService.Process] [Info]: ["2019/1/17 10:31:10"] [] [<>c__DisplayClass11_0.<HandleBasicDeliver>b__0 => RabbitListenerAbstract.<Register>b__19_0 => MyRabbitMqService.Process] []
[2019-01-17 10:31:11.0008] [WebCore.Hosting.MyRabbitMqService.Process] [Info]: ["2019/1/17 10:31:10"] [] [<>c__DisplayClass11_0.<HandleBasicDeliver>b__0 => RabbitListenerAbstract.<Register>b__19_0 => MyRabbitMqService.Process] []
[2019-01-17 10:31:11.0363] [WebCore.Hosting.MyRabbitMqService.Process] [Info]: ["2019/1/17 10:31:10"] [] [<>c__DisplayClass11_0.<HandleBasicDeliver>b__0 => RabbitListenerAbstract.<Register>b__19_0 => MyRabbitMqService.Process] []
[2019-01-17 10:31:11.0710] [WebCore.Hosting.MyRabbitMqService.Process] [Info]: ["2019/1/17 10:31:11"] [] [<>c__DisplayClass11_0.<HandleBasicDeliver>b__0 => RabbitListenerAbstract.<Register>b__19_0 => MyRabbitMqService.Process] []
[2019-01-17 10:31:11.1065] [WebCore.Hosting.MyRabbitMqService.Process] [Info]: ["2019/1/17 10:31:11"] [] [<>c__DisplayClass11_0.<HandleBasicDeliver>b__0 => RabbitListenerAbstract.<Register>b__19_0 => MyRabbitMqService.Process] []
[2019-01-17 10:31:11.1423] [WebCore.Hosting.MyRabbitMqService.Process] [Info]: ["2019/1/17 10:31:11"] [] [<>c__DisplayClass11_0.<HandleBasicDeliver>b__0 => RabbitListenerAbstract.<Register>b__19_0 => MyRabbitMqService.Process] []
[2019-01-17 10:31:11.1785] [WebCore.Hosting.MyRabbitMqService.Process] [Info]: ["2019/1/17 10:31:11"] [] [<>c__DisplayClass11_0.<HandleBasicDeliver>b__0 => RabbitListenerAbstract.<Register>b__19_0 => MyRabbitMqService.Process] []
[2019-01-17 10:31:11.2154] [WebCore.Hosting.MyRabbitMqService.Process] [Info]: ["2019/1/17 10:31:11"] [] [<>c__DisplayClass11_0.<HandleBasicDeliver>b__0 => RabbitListenerAbstract.<Register>b__19_0 => MyRabbitMqService.Process] []
[2019-01-17 10:31:11.2522] [WebCore.Hosting.MyRabbitMqService.Process] [Info]: ["2019/1/17 10:31:11"] [] [<>c__DisplayClass11_0.<HandleBasicDeliver>b__0 => RabbitListenerAbstract.<Register>b__19_0 => MyRabbitMqService.Process] []
[2019-01-17 10:31:11.2884] [WebCore.Hosting.MyRabbitMqService.Process] [Info]: ["2019/1/17 10:31:11"] [] [<>c__DisplayClass11_0.<HandleBasicDeliver>b__0 => RabbitListenerAbstract.<Register>b__19_0 => MyRabbitMqService.Process] []
[2019-01-17 10:31:11.3279] [WebCore.Hosting.MyRabbitMqService.Process] [Info]: ["2019/1/17 10:31:11"] [] [<>c__DisplayClass11_0.<HandleBasicDeliver>b__0 => RabbitListenerAbstract.<Register>b__19_0 => MyRabbitMqService.Process] []
[2019-01-17 10:31:11.3631] [WebCore.Hosting.MyRabbitMqService.Process] [Info]: ["2019/1/17 10:31:11"] [] [<>c__DisplayClass11_0.<HandleBasicDeliver>b__0 => RabbitListenerAbstract.<Register>b__19_0 => MyRabbitMqService.Process] []
[2019-01-17 10:31:11.3989] [WebCore.Hosting.MyRabbitMqService.Process] [Info]: ["2019/1/17 10:31:11"] [] [<>c__DisplayClass11_0.<HandleBasicDeliver>b__0 => RabbitListenerAbstract.<Register>b__19_0 => MyRabbitMqService.Process] []
[2019-01-17 10:31:11.4368] [WebCore.Hosting.MyRabbitMqService.Process] [Info]: ["2019/1/17 10:31:11"] [] [<>c__DisplayClass11_0.<HandleBasicDeliver>b__0 => RabbitListenerAbstract.<Register>b__19_0 => MyRabbitMqService.Process] []
[2019-01-17 10:31:11.4714] [WebCore.Hosting.MyRabbitMqService.Process] [Info]: ["2019/1/17 10:31:11"] [] [<>c__DisplayClass11_0.<HandleBasicDeliver>b__0 => RabbitListenerAbstract.<Register>b__19_0 => MyRabbitMqService.Process] []
[2019-01-17 10:31:11.5076] [WebCore.Hosting.MyRabbitMqService.Process] [Info]: ["2019/1/17 10:31:11"] [] [<>c__DisplayClass11_0.<HandleBasicDeliver>b__0 => RabbitListenerAbstract.<Register>b__19_0 => MyRabbitMqService.Process] []
[2019-01-17 10:31:11.5430] [WebCore.Hosting.MyRabbitMqService.Process] [Info]: ["2019/1/17 10:31:11"] [] [<>c__DisplayClass11_0.<HandleBasicDeliver>b__0 => RabbitListenerAbstract.<Register>b__19_0 => MyRabbitMqService.Process] []
[2019-01-17 10:31:11.5796] [WebCore.Hosting.MyRabbitMqService.Process] [Info]: ["2019/1/17 10:31:11"] [] [<>c__DisplayClass11_0.<HandleBasicDeliver>b__0 => RabbitListenerAbstract.<Register>b__19_0 => MyRabbitMqService.Process] []
[2019-01-17 10:31:11.6150] [WebCore.Hosting.MyRabbitMqService.Process] [Info]: ["2019/1/17 10:31:11"] [] [<>c__DisplayClass11_0.<HandleBasicDeliver>b__0 => RabbitListenerAbstract.<Register>b__19_0 => MyRabbitMqService.Process] []
[2019-01-17 10:31:11.6501] [WebCore.Hosting.MyRabbitMqService.Process] [Info]: ["2019/1/17 10:31:11"] [] [<>c__DisplayClass11_0.<HandleBasicDeliver>b__0 => RabbitListenerAbstract.<Register>b__19_0 => MyRabbitMqService.Process] []
[2019-01-17 10:31:11.6854] [WebCore.Hosting.MyRabbitMqService.Process] [Info]: ["2019/1/17 10:31:11"] [] [<>c__DisplayClass11_0.<HandleBasicDeliver>b__0 => RabbitListenerAbstract.<Register>b__19_0 => MyRabbitMqService.Process] []
[2019-01-17 10:31:11.7220] [WebCore.Hosting.MyRabbitMqService.Process] [Info]: ["2019/1/17 10:31:11"] [] [<>c__DisplayClass11_0.<HandleBasicDeliver>b__0 => RabbitListenerAbstract.<Register>b__19_0 => MyRabbitMqService.Process] []
[2019-01-17 10:31:11.7567] [WebCore.Hosting.MyRabbitMqService.Process] [Info]: ["2019/1/17 10:31:11"] [] [<>c__DisplayClass11_0.<HandleBasicDeliver>b__0 => RabbitListenerAbstract.<Register>b__19_0 => MyRabbitMqService.Process] []
[2019-01-17 10:31:11.7924] [WebCore.Hosting.MyRabbitMqService.Process] [Info]: ["2019/1/17 10:31:11"] [] [<>c__DisplayClass11_0.<HandleBasicDeliver>b__0 => RabbitListenerAbstract.<Register>b__19_0 => MyRabbitMqService.Process] []
[2019-01-17 10:31:11.8272] [WebCore.Hosting.MyRabbitMqService.Process] [Info]: ["2019/1/17 10:31:11"] [] [<>c__DisplayClass11_0.<HandleBasicDeliver>b__0 => RabbitListenerAbstract.<Register>b__19_0 => MyRabbitMqService.Process] []
[2019-01-17 10:31:11.8621] [WebCore.Hosting.MyRabbitMqService.Process] [Info]: ["2019/1/17 10:31:11"] [] [<>c__DisplayClass11_0.<HandleBasicDeliver>b__0 => RabbitListenerAbstract.<Register>b__19_0 => MyRabbitMqService.Process] []
[2019-01-17 10:31:11.8972] [WebCore.Hosting.MyRabbitMqService.Process] [Info]: ["2019/1/17 10:31:11"] [] [<>c__DisplayClass11_0.<HandleBasicDeliver>b__0 => RabbitListenerAbstract.<Register>b__19_0 => MyRabbitMqService.Process] []
[2019-01-17 10:31:11.9340] [WebCore.Hosting.MyRabbitMqService.Process] [Info]: ["2019/1/17 10:31:11"] [] [<>c__DisplayClass11_0.<HandleBasicDeliver>b__0 => RabbitListenerAbstract.<Register>b__19_0 => MyRabbitMqService.Process] []
[2019-01-17 10:31:11.9690] [WebCore.Hosting.MyRabbitMqService.Process] [Info]: ["2019/1/17 10:31:11"] [] [<>c__DisplayClass11_0.<HandleBasicDeliver>b__0 => RabbitListenerAbstract.<Register>b__19_0 => MyRabbitMqService.Process] []
[2019-01-17 10:31:12.0058] [WebCore.Hosting.MyRabbitMqService.Process] [Info]: ["2019/1/17 10:31:11"] [] [<>c__DisplayClass11_0.<HandleBasicDeliver>b__0 => RabbitListenerAbstract.<Register>b__19_0 => MyRabbitMqService.Process] []
[2019-01-17 10:31:12.0416] [WebCore.Hosting.MyRabbitMqService.Process] [Info]: ["2019/1/17 10:31:11"] [] [<>c__DisplayClass11_0.<HandleBasicDeliver>b__0 => RabbitListenerAbstract.<Register>b__19_0 => MyRabbitMqService.Process] []
[2019-01-17 10:31:12.0754] [WebCore.Hosting.MyRabbitMqService.Process] [Info]: ["2019/1/17 10:31:12"] [] [<>c__DisplayClass11_0.<HandleBasicDeliver>b__0 => RabbitListenerAbstract.<Register>b__19_0 => MyRabbitMqService.Process] []
[2019-01-17 10:31:12.1118] [WebCore.Hosting.MyRabbitMqService.Process] [Info]: ["2019/1/17 10:31:12"] [] [<>c__DisplayClass11_0.<HandleBasicDeliver>b__0 => RabbitListenerAbstract.<Register>b__19_0 => MyRabbitMqService.Process] []
[2019-01-17 10:31:12.1466] [WebCore.Hosting.MyRabbitMqService.Process] [Info]: ["2019/1/17 10:31:12"] [] [<>c__DisplayClass11_0.<HandleBasicDeliver>b__0 => RabbitListenerAbstract.<Register>b__19_0 => MyRabbitMqService.Process] []
[2019-01-17 10:31:12.1815] [WebCore.Hosting.MyRabbitMqService.Process] [Info]: ["2019/1/17 10:31:12"] [] [<>c__DisplayClass11_0.<HandleBasicDeliver>b__0 => RabbitListenerAbstract.<Register>b__19_0 => MyRabbitMqService.Process] []
[2019-01-17 10:31:12.2158] [WebCore.Hosting.MyRabbitMqService.Process] [Info]: ["2019/1/17 10:31:12"] [] [<>c__DisplayClass11_0.<HandleBasicDeliver>b__0 => RabbitListenerAbstract.<Register>b__19_0 => MyRabbitMqService.Process] []
[2019-01-17 10:31:12.2527] [WebCore.Hosting.MyRabbitMqService.Process] [Info]: ["2019/1/17 10:31:12"] [] [<>c__DisplayClass11_0.<HandleBasicDeliver>b__0 => RabbitListenerAbstract.<Register>b__19_0 => MyRabbitMqService.Process] []
[2019-01-17 10:31:12.2880] [WebCore.Hosting.MyRabbitMqService.Process] [Info]: ["2019/1/17 10:31:12"] [] [<>c__DisplayClass11_0.<HandleBasicDeliver>b__0 => RabbitListenerAbstract.<Register>b__19_0 => MyRabbitMqService.Process] []
[2019-01-17 10:31:12.3233] [WebCore.Hosting.MyRabbitMqService.Process] [Info]: ["2019/1/17 10:31:12"] [] [<>c__DisplayClass11_0.<HandleBasicDeliver>b__0 => RabbitListenerAbstract.<Register>b__19_0 => MyRabbitMqService.Process] []
[2019-01-17 10:31:12.3610] [WebCore.Hosting.MyRabbitMqService.Process] [Info]: ["2019/1/17 10:31:12"] [] [<>c__DisplayClass11_0.<HandleBasicDeliver>b__0 => RabbitListenerAbstract.<Register>b__19_0 => MyRabbitMqService.Process] []
[2019-01-17 10:31:12.3965] [WebCore.Hosting.MyRabbitMqService.Process] [Info]: ["2019/1/17 10:31:12"] [] [<>c__DisplayClass11_0.<HandleBasicDeliver>b__0 => RabbitListenerAbstract.<Register>b__19_0 => MyRabbitMqService.Process] []
[2019-01-17 10:31:12.4317] [WebCore.Hosting.MyRabbitMqService.Process] [Info]: ["2019/1/17 10:31:12"] [] [<>c__DisplayClass11_0.<HandleBasicDeliver>b__0 => RabbitListenerAbstract.<Register>b__19_0 => MyRabbitMqService.Process] []
[2019-01-17 10:31:12.4675] [WebCore.Hosting.MyRabbitMqService.Process] [Info]: ["2019/1/17 10:31:12"] [] [<>c__DisplayClass11_0.<HandleBasicDeliver>b__0 => RabbitListenerAbstract.<Register>b__19_0 => MyRabbitMqService.Process] []
[2019-01-17 10:31:12.5065] [WebCore.Hosting.MyRabbitMqService.Process] [Info]: ["2019/1/17 10:31:12"] [] [<>c__DisplayClass11_0.<HandleBasicDeliver>b__0 => RabbitListenerAbstract.<Register>b__19_0 => MyRabbitMqService.Process] []
[2019-01-17 10:31:12.5418] [WebCore.Hosting.MyRabbitMqService.Process] [Info]: ["2019/1/17 10:31:12"] [] [<>c__DisplayClass11_0.<HandleBasicDeliver>b__0 => RabbitListenerAbstract.<Register>b__19_0 => MyRabbitMqService.Process] []
[2019-01-17 10:31:12.5792] [WebCore.Hosting.MyRabbitMqService.Process] [Info]: ["2019/1/17 10:31:12"] [] [<>c__DisplayClass11_0.<HandleBasicDeliver>b__0 => RabbitListenerAbstract.<Register>b__19_0 => MyRabbitMqService.Process] []
[2019-01-17 10:31:12.6137] [WebCore.Hosting.MyRabbitMqService.Process] [Info]: ["2019/1/17 10:31:12"] [] [<>c__DisplayClass11_0.<HandleBasicDeliver>b__0 => RabbitListenerAbstract.<Register>b__19_0 => MyRabbitMqService.Process] []
[2019-01-17 10:31:12.6495] [WebCore.Hosting.MyRabbitMqService.Process] [Info]: ["2019/1/17 10:31:12"] [] [<>c__DisplayClass11_0.<HandleBasicDeliver>b__0 => RabbitListenerAbstract.<Register>b__19_0 => MyRabbitMqService.Process] []
[2019-01-17 10:31:12.6862] [WebCore.Hosting.MyRabbitMqService.Process] [Info]: ["2019/1/17 10:31:12"] [] [<>c__DisplayClass11_0.<HandleBasicDeliver>b__0 => RabbitListenerAbstract.<Register>b__19_0 => MyRabbitMqService.Process] []
[2019-01-17 10:31:12.7209] [WebCore.Hosting.MyRabbitMqService.Process] [Info]: ["2019/1/17 10:31:12"] [] [<>c__DisplayClass11_0.<HandleBasicDeliver>b__0 => RabbitListenerAbstract.<Register>b__19_0 => MyRabbitMqService.Process] []
[2019-01-17 10:31:12.7570] [WebCore.Hosting.MyRabbitMqService.Process] [Info]: ["2019/1/17 10:31:12"] [] [<>c__DisplayClass11_0.<HandleBasicDeliver>b__0 => RabbitListenerAbstract.<Register>b__19_0 => MyRabbitMqService.Process] []
[2019-01-17 10:31:12.7919] [WebCore.Hosting.MyRabbitMqService.Process] [Info]: ["2019/1/17 10:31:12"] [] [<>c__DisplayClass11_0.<HandleBasicDeliver>b__0 => RabbitListenerAbstract.<Register>b__19_0 => MyRabbitMqService.Process] []
[2019-01-17 10:31:12.8279] [WebCore.Hosting.MyRabbitMqService.Process] [Info]: ["2019/1/17 10:31:12"] [] [<>c__DisplayClass11_0.<HandleBasicDeliver>b__0 => RabbitListenerAbstract.<Register>b__19_0 => MyRabbitMqService.Process] []
[2019-01-17 10:31:12.8630] [WebCore.Hosting.MyRabbitMqService.Process] [Info]: ["2019/1/17 10:31:12"] [] [<>c__DisplayClass11_0.<HandleBasicDeliver>b__0 => RabbitListenerAbstract.<Register>b__19_0 => MyRabbitMqService.Process] []
[2019-01-17 10:31:12.8991] [WebCore.Hosting.MyRabbitMqService.Process] [Info]: ["2019/1/17 10:31:12"] [] [<>c__DisplayClass11_0.<HandleBasicDeliver>b__0 => RabbitListenerAbstract.<Register>b__19_0 => MyRabbitMqService.Process] []
[2019-01-17 10:31:12.9354] [WebCore.Hosting.MyRabbitMqService.Process] [Info]: ["2019/1/17 10:31:12"] [] [<>c__DisplayClass11_0.<HandleBasicDeliver>b__0 => RabbitListenerAbstract.<Register>b__19_0 => MyRabbitMqService.Process] []
[2019-01-17 10:31:12.9720] [WebCore.Hosting.MyRabbitMqService.Process] [Info]: ["2019/1/17 10:31:12"] [] [<>c__DisplayClass11_0.<HandleBasicDeliver>b__0 => RabbitListenerAbstract.<Register>b__19_0 => MyRabbitMqService.Process] []
[2019-01-17 10:31:13.2196] [WebCore.Hosting.MyRabbitMqService.Process] [Info]: ["2019/1/17 10:31:12"] [] [<>c__DisplayClass11_0.<HandleBasicDeliver>b__0 => RabbitListenerAbstract.<Register>b__19_0 => MyRabbitMqService.Process] []
[2019-01-17 10:31:13.2549] [WebCore.Hosting.MyRabbitMqService.Process] [Info]: ["2019/1/17 10:31:12"] [] [<>c__DisplayClass11_0.<HandleBasicDeliver>b__0 => RabbitListenerAbstract.<Register>b__19_0 => MyRabbitMqService.Process] []
[2019-01-17 10:31:13.2905] [WebCore.Hosting.MyRabbitMqService.Process] [Info]: ["2019/1/17 10:31:13"] [] [<>c__DisplayClass11_0.<HandleBasicDeliver>b__0 => RabbitListenerAbstract.<Register>b__19_0 => MyRabbitMqService.Process] []
[2019-01-17 10:31:13.3258] [WebCore.Hosting.MyRabbitMqService.Process] [Info]: ["2019/1/17 10:31:13"] [] [<>c__DisplayClass11_0.<HandleBasicDeliver>b__0 => RabbitListenerAbstract.<Register>b__19_0 => MyRabbitMqService.Process] []
[2019-01-17 10:31:13.3607] [WebCore.Hosting.MyRabbitMqService.Process] [Info]: ["2019/1/17 10:31:13"] [] [<>c__DisplayClass11_0.<HandleBasicDeliver>b__0 => RabbitListenerAbstract.<Register>b__19_0 => MyRabbitMqService.Process] []
[2019-01-17 10:31:13.3964] [WebCore.Hosting.MyRabbitMqService.Process] [Info]: ["2019/1/17 10:31:13"] [] [<>c__DisplayClass11_0.<HandleBasicDeliver>b__0 => RabbitListenerAbstract.<Register>b__19_0 => MyRabbitMqService.Process] []
[2019-01-17 10:31:13.4312] [WebCore.Hosting.MyRabbitMqService.Process] [Info]: ["2019/1/17 10:31:13"] [] [<>c__DisplayClass11_0.<HandleBasicDeliver>b__0 => RabbitListenerAbstract.<Register>b__19_0 => MyRabbitMqService.Process] []
[2019-01-17 10:31:13.4672] [WebCore.Hosting.MyRabbitMqService.Process] [Info]: ["2019/1/17 10:31:13"] [] [<>c__DisplayClass11_0.<HandleBasicDeliver>b__0 => RabbitListenerAbstract.<Register>b__19_0 => MyRabbitMqService.Process] []
[2019-01-17 10:31:13.5028] [WebCore.Hosting.MyRabbitMqService.Process] [Info]: ["2019/1/17 10:31:13"] [] [<>c__DisplayClass11_0.<HandleBasicDeliver>b__0 => RabbitListenerAbstract.<Register>b__19_0 => MyRabbitMqService.Process] []
[2019-01-17 10:31:13.5382] [WebCore.Hosting.MyRabbitMqService.Process] [Info]: ["2019/1/17 10:31:13"] [] [<>c__DisplayClass11_0.<HandleBasicDeliver>b__0 => RabbitListenerAbstract.<Register>b__19_0 => MyRabbitMqService.Process] []
[2019-01-17 10:31:13.5735] [WebCore.Hosting.MyRabbitMqService.Process] [Info]: ["2019/1/17 10:31:13"] [] [<>c__DisplayClass11_0.<HandleBasicDeliver>b__0 => RabbitListenerAbstract.<Register>b__19_0 => MyRabbitMqService.Process] []
[2019-01-17 10:31:13.6083] [WebCore.Hosting.MyRabbitMqService.Process] [Info]: ["2019/1/17 10:31:13"] [] [<>c__DisplayClass11_0.<HandleBasicDeliver>b__0 => RabbitListenerAbstract.<Register>b__19_0 => MyRabbitMqService.Process] []
[2019-01-17 10:31:13.6444] [WebCore.Hosting.MyRabbitMqService.Process] [Info]: ["2019/1/17 10:31:13"] [] [<>c__DisplayClass11_0.<HandleBasicDeliver>b__0 => RabbitListenerAbstract.<Register>b__19_0 => MyRabbitMqService.Process] []
[2019-01-17 10:31:13.6803] [WebCore.Hosting.MyRabbitMqService.Process] [Info]: ["2019/1/17 10:31:13"] [] [<>c__DisplayClass11_0.<HandleBasicDeliver>b__0 => RabbitListenerAbstract.<Register>b__19_0 => MyRabbitMqService.Process] []
[2019-01-17 10:31:13.7157] [WebCore.Hosting.MyRabbitMqService.Process] [Info]: ["2019/1/17 10:31:13"] [] [<>c__DisplayClass11_0.<HandleBasicDeliver>b__0 => RabbitListenerAbstract.<Register>b__19_0 => MyRabbitMqService.Process] []
[2019-01-17 10:31:13.7522] [WebCore.Hosting.MyRabbitMqService.Process] [Info]: ["2019/1/17 10:31:13"] [] [<>c__DisplayClass11_0.<HandleBasicDeliver>b__0 => RabbitListenerAbstract.<Register>b__19_0 => MyRabbitMqService.Process] []
[2019-01-17 10:31:13.7885] [WebCore.Hosting.MyRabbitMqService.Process] [Info]: ["2019/1/17 10:31:13"] [] [<>c__DisplayClass11_0.<HandleBasicDeliver>b__0 => RabbitListenerAbstract.<Register>b__19_0 => MyRabbitMqService.Process] []
[2019-01-17 10:31:13.8242] [WebCore.Hosting.MyRabbitMqService.Process] [Info]: ["2019/1/17 10:31:13"] [] [<>c__DisplayClass11_0.<HandleBasicDeliver>b__0 => RabbitListenerAbstract.<Register>b__19_0 => MyRabbitMqService.Process] []
[2019-01-17 10:31:13.8590] [WebCore.Hosting.MyRabbitMqService.Process] [Info]: ["2019/1/17 10:31:13"] [] [<>c__DisplayClass11_0.<HandleBasicDeliver>b__0 => RabbitListenerAbstract.<Register>b__19_0 => MyRabbitMqService.Process] []
[2019-01-17 10:31:13.8954] [WebCore.Hosting.MyRabbitMqService.Process] [Info]: ["2019/1/17 10:31:13"] [] [<>c__DisplayClass11_0.<HandleBasicDeliver>b__0 => RabbitListenerAbstract.<Register>b__19_0 => MyRabbitMqService.Process] []
[2019-01-17 10:31:13.9309] [WebCore.Hosting.MyRabbitMqService.Process] [Info]: ["2019/1/17 10:31:13"] [] [<>c__DisplayClass11_0.<HandleBasicDeliver>b__0 => RabbitListenerAbstract.<Register>b__19_0 => MyRabbitMqService.Process] []
[2019-01-17 10:31:13.9656] [WebCore.Hosting.MyRabbitMqService.Process] [Info]: ["2019/1/17 10:31:13"] [] [<>c__DisplayClass11_0.<HandleBasicDeliver>b__0 => RabbitListenerAbstract.<Register>b__19_0 => MyRabbitMqService.Process] []
[2019-01-17 10:31:14.0006] [WebCore.Hosting.MyRabbitMqService.Process] [Info]: ["2019/1/17 10:31:13"] [] [<>c__DisplayClass11_0.<HandleBasicDeliver>b__0 => RabbitListenerAbstract.<Register>b__19_0 => MyRabbitMqService.Process] []
[2019-01-17 10:31:14.0362] [WebCore.Hosting.MyRabbitMqService.Process] [Info]: ["2019/1/17 10:31:13"] [] [<>c__DisplayClass11_0.<HandleBasicDeliver>b__0 => RabbitListenerAbstract.<Register>b__19_0 => MyRabbitMqService.Process] []
[2019-01-17 10:31:14.0717] [WebCore.Hosting.MyRabbitMqService.Process] [Info]: ["2019/1/17 10:31:14"] [] [<>c__DisplayClass11_0.<HandleBasicDeliver>b__0 => RabbitListenerAbstract.<Register>b__19_0 => MyRabbitMqService.Process] []
[2019-01-17 10:31:14.1068] [WebCore.Hosting.MyRabbitMqService.Process] [Info]: ["2019/1/17 10:31:14"] [] [<>c__DisplayClass11_0.<HandleBasicDeliver>b__0 => RabbitListenerAbstract.<Register>b__19_0 => MyRabbitMqService.Process] []
[2019-01-17 10:31:14.1454] [WebCore.Hosting.MyRabbitMqService.Process] [Info]: ["2019/1/17 10:31:14"] [] [<>c__DisplayClass11_0.<HandleBasicDeliver>b__0 => RabbitListenerAbstract.<Register>b__19_0 => MyRabbitMqService.Process] []
[2019-01-17 10:31:14.1799] [WebCore.Hosting.MyRabbitMqService.Process] [Info]: ["2019/1/17 10:31:14"] [] [<>c__DisplayClass11_0.<HandleBasicDeliver>b__0 => RabbitListenerAbstract.<Register>b__19_0 => MyRabbitMqService.Process] []
[2019-01-17 10:31:14.2169] [WebCore.Hosting.MyRabbitMqService.Process] [Info]: ["2019/1/17 10:31:14"] [] [<>c__DisplayClass11_0.<HandleBasicDeliver>b__0 => RabbitListenerAbstract.<Register>b__19_0 => MyRabbitMqService.Process] []
[2019-01-17 10:31:14.2521] [WebCore.Hosting.MyRabbitMqService.Process] [Info]: ["2019/1/17 10:31:14"] [] [<>c__DisplayClass11_0.<HandleBasicDeliver>b__0 => RabbitListenerAbstract.<Register>b__19_0 => MyRabbitMqService.Process] []
[2019-01-17 10:31:14.2893] [WebCore.Hosting.MyRabbitMqService.Process] [Info]: ["2019/1/17 10:31:14"] [] [<>c__DisplayClass11_0.<HandleBasicDeliver>b__0 => RabbitListenerAbstract.<Register>b__19_0 => MyRabbitMqService.Process] []
[2019-01-17 10:31:14.3272] [WebCore.Hosting.MyRabbitMqService.Process] [Info]: ["2019/1/17 10:31:14"] [] [<>c__DisplayClass11_0.<HandleBasicDeliver>b__0 => RabbitListenerAbstract.<Register>b__19_0 => MyRabbitMqService.Process] []
[2019-01-17 10:31:14.3633] [WebCore.Hosting.MyRabbitMqService.Process] [Info]: ["2019/1/17 10:31:14"] [] [<>c__DisplayClass11_0.<HandleBasicDeliver>b__0 => RabbitListenerAbstract.<Register>b__19_0 => MyRabbitMqService.Process] []
[2019-01-17 10:31:14.3990] [WebCore.Hosting.MyRabbitMqService.Process] [Info]: ["2019/1/17 10:31:14"] [] [<>c__DisplayClass11_0.<HandleBasicDeliver>b__0 => RabbitListenerAbstract.<Register>b__19_0 => MyRabbitMqService.Process] []
[2019-01-17 10:31:14.4341] [WebCore.Hosting.MyRabbitMqService.Process] [Info]: ["2019/1/17 10:31:14"] [] [<>c__DisplayClass11_0.<HandleBasicDeliver>b__0 => RabbitListenerAbstract.<Register>b__19_0 => MyRabbitMqService.Process] []
[2019-01-17 10:31:14.4690] [WebCore.Hosting.MyRabbitMqService.Process] [Info]: ["2019/1/17 10:31:14"] [] [<>c__DisplayClass11_0.<HandleBasicDeliver>b__0 => RabbitListenerAbstract.<Register>b__19_0 => MyRabbitMqService.Process] []
[2019-01-17 10:31:14.5050] [WebCore.Hosting.MyRabbitMqService.Process] [Info]: ["2019/1/17 10:31:14"] [] [<>c__DisplayClass11_0.<HandleBasicDeliver>b__0 => RabbitListenerAbstract.<Register>b__19_0 => MyRabbitMqService.Process] []
[2019-01-17 10:31:14.5412] [WebCore.Hosting.MyRabbitMqService.Process] [Info]: ["2019/1/17 10:31:14"] [] [<>c__DisplayClass11_0.<HandleBasicDeliver>b__0 => RabbitListenerAbstract.<Register>b__19_0 => MyRabbitMqService.Process] []
[2019-01-17 10:31:14.5760] [WebCore.Hosting.MyRabbitMqService.Process] [Info]: ["2019/1/17 10:31:14"] [] [<>c__DisplayClass11_0.<HandleBasicDeliver>b__0 => RabbitListenerAbstract.<Register>b__19_0 => MyRabbitMqService.Process] []
[2019-01-17 10:31:14.6119] [WebCore.Hosting.MyRabbitMqService.Process] [Info]: ["2019/1/17 10:31:14"] [] [<>c__DisplayClass11_0.<HandleBasicDeliver>b__0 => RabbitListenerAbstract.<Register>b__19_0 => MyRabbitMqService.Process] []
[2019-01-17 10:31:14.6514] [WebCore.Hosting.MyRabbitMqService.Process] [Info]: ["2019/1/17 10:31:14"] [] [<>c__DisplayClass11_0.<HandleBasicDeliver>b__0 => RabbitListenerAbstract.<Register>b__19_0 => MyRabbitMqService.Process] []
[2019-01-17 10:31:14.6916] [WebCore.Hosting.MyRabbitMqService.Process] [Info]: ["2019/1/17 10:31:14"] [] [<>c__DisplayClass11_0.<HandleBasicDeliver>b__0 => RabbitListenerAbstract.<Register>b__19_0 => MyRabbitMqService.Process] []
[2019-01-17 10:31:14.7295] [WebCore.Hosting.MyRabbitMqService.Process] [Info]: ["2019/1/17 10:31:14"] [] [<>c__DisplayClass11_0.<HandleBasicDeliver>b__0 => RabbitListenerAbstract.<Register>b__19_0 => MyRabbitMqService.Process] []
[2019-01-17 10:31:14.7683] [WebCore.Hosting.MyRabbitMqService.Process] [Info]: ["2019/1/17 10:31:14"] [] [<>c__DisplayClass11_0.<HandleBasicDeliver>b__0 => RabbitListenerAbstract.<Register>b__19_0 => MyRabbitMqService.Process] []
[2019-01-17 10:31:14.8045] [WebCore.Hosting.MyRabbitMqService.Process] [Info]: ["2019/1/17 10:31:14"] [] [<>c__DisplayClass11_0.<HandleBasicDeliver>b__0 => RabbitListenerAbstract.<Register>b__19_0 => MyRabbitMqService.Process] []
[2019-01-17 10:31:14.8444] [WebCore.Hosting.MyRabbitMqService.Process] [Info]: ["2019/1/17 10:31:14"] [] [<>c__DisplayClass11_0.<HandleBasicDeliver>b__0 => RabbitListenerAbstract.<Register>b__19_0 => MyRabbitMqService.Process] []
[2019-01-17 10:31:14.8802] [WebCore.Hosting.MyRabbitMqService.Process] [Info]: ["2019/1/17 10:31:14"] [] [<>c__DisplayClass11_0.<HandleBasicDeliver>b__0 => RabbitListenerAbstract.<Register>b__19_0 => MyRabbitMqService.Process] []
[2019-01-17 10:31:14.9198] [WebCore.Hosting.MyRabbitMqService.Process] [Info]: ["2019/1/17 10:31:14"] [] [<>c__DisplayClass11_0.<HandleBasicDeliver>b__0 => RabbitListenerAbstract.<Register>b__19_0 => MyRabbitMqService.Process] []
[2019-01-17 10:31:14.9625] [WebCore.Hosting.MyRabbitMqService.Process] [Info]: ["2019/1/17 10:31:14"] [] [<>c__DisplayClass11_0.<HandleBasicDeliver>b__0 => RabbitListenerAbstract.<Register>b__19_0 => MyRabbitMqService.Process] []
[2019-01-17 10:31:14.9988] [WebCore.Hosting.MyRabbitMqService.Process] [Info]: ["2019/1/17 10:31:14"] [] [<>c__DisplayClass11_0.<HandleBasicDeliver>b__0 => RabbitListenerAbstract.<Register>b__19_0 => MyRabbitMqService.Process] []
[2019-01-17 10:31:15.0342] [WebCore.Hosting.MyRabbitMqService.Process] [Info]: ["2019/1/17 10:31:14"] [] [<>c__DisplayClass11_0.<HandleBasicDeliver>b__0 => RabbitListenerAbstract.<Register>b__19_0 => MyRabbitMqService.Process] []
[2019-01-17 10:31:15.0771] [WebCore.Hosting.MyRabbitMqService.Process] [Info]: ["2019/1/17 10:31:14"] [] [<>c__DisplayClass11_0.<HandleBasicDeliver>b__0 => RabbitListenerAbstract.<Register>b__19_0 => MyRabbitMqService.Process] []
[2019-01-17 10:31:15.1043] [WebCore.Hosting.MyRabbitMqService.Process] [Info]: ["2019/1/17 10:31:15"] [] [<>c__DisplayClass11_0.<HandleBasicDeliver>b__0 => RabbitListenerAbstract.<Register>b__19_0 => MyRabbitMqService.Process] []
[2019-01-17 10:31:15.1505] [WebCore.Hosting.MyRabbitMqService.Process] [Info]: ["2019/1/17 10:31:15"] [] [<>c__DisplayClass11_0.<HandleBasicDeliver>b__0 => RabbitListenerAbstract.<Register>b__19_0 => MyRabbitMqService.Process] []
[2019-01-17 10:31:15.1819] [WebCore.Hosting.MyRabbitMqService.Process] [Info]: ["2019/1/17 10:31:15"] [] [<>c__DisplayClass11_0.<HandleBasicDeliver>b__0 => RabbitListenerAbstract.<Register>b__19_0 => MyRabbitMqService.Process] []
[2019-01-17 10:31:15.2202] [WebCore.Hosting.MyRabbitMqService.Process] [Info]: ["2019/1/17 10:31:15"] [] [<>c__DisplayClass11_0.<HandleBasicDeliver>b__0 => RabbitListenerAbstract.<Register>b__19_0 => MyRabbitMqService.Process] []
[2019-01-17 10:31:15.2449] [WebCore.Hosting.MyRabbitMqService.Process] [Info]: ["2019/1/17 10:31:15"] [] [<>c__DisplayClass11_0.<HandleBasicDeliver>b__0 => RabbitListenerAbstract.<Register>b__19_0 => MyRabbitMqService.Process] []
[2019-01-17 10:31:15.2809] [WebCore.Hosting.MyRabbitMqService.Process] [Info]: ["2019/1/17 10:31:15"] [] [<>c__DisplayClass11_0.<HandleBasicDeliver>b__0 => RabbitListenerAbstract.<Register>b__19_0 => MyRabbitMqService.Process] []
[2019-01-17 10:31:15.3160] [WebCore.Hosting.MyRabbitMqService.Process] [Info]: ["2019/1/17 10:31:15"] [] [<>c__DisplayClass11_0.<HandleBasicDeliver>b__0 => RabbitListenerAbstract.<Register>b__19_0 => MyRabbitMqService.Process] []
[2019-01-17 10:31:15.3451] [WebCore.Hosting.MyRabbitMqService.Process] [Info]: ["2019/1/17 10:31:15"] [] [<>c__DisplayClass11_0.<HandleBasicDeliver>b__0 => RabbitListenerAbstract.<Register>b__19_0 => MyRabbitMqService.Process] []
[2019-01-17 10:31:15.3832] [WebCore.Hosting.MyRabbitMqService.Process] [Info]: ["2019/1/17 10:31:15"] [] [<>c__DisplayClass11_0.<HandleBasicDeliver>b__0 => RabbitListenerAbstract.<Register>b__19_0 => MyRabbitMqService.Process] []
[2019-01-17 10:31:15.4204] [WebCore.Hosting.MyRabbitMqService.Process] [Info]: ["2019/1/17 10:31:15"] [] [<>c__DisplayClass11_0.<HandleBasicDeliver>b__0 => RabbitListenerAbstract.<Register>b__19_0 => MyRabbitMqService.Process] []
[2019-01-17 10:31:15.4558] [WebCore.Hosting.MyRabbitMqService.Process] [Info]: ["2019/1/17 10:31:15"] [] [<>c__DisplayClass11_0.<HandleBasicDeliver>b__0 => RabbitListenerAbstract.<Register>b__19_0 => MyRabbitMqService.Process] []
[2019-01-17 10:31:15.4927] [WebCore.Hosting.MyRabbitMqService.Process] [Info]: ["2019/1/17 10:31:15"] [] [<>c__DisplayClass11_0.<HandleBasicDeliver>b__0 => RabbitListenerAbstract.<Register>b__19_0 => MyRabbitMqService.Process] []
[2019-01-17 10:31:15.5312] [WebCore.Hosting.MyRabbitMqService.Process] [Info]: ["2019/1/17 10:31:15"] [] [<>c__DisplayClass11_0.<HandleBasicDeliver>b__0 => RabbitListenerAbstract.<Register>b__19_0 => MyRabbitMqService.Process] []
[2019-01-17 10:31:15.5671] [WebCore.Hosting.MyRabbitMqService.Process] [Info]: ["2019/1/17 10:31:15"] [] [<>c__DisplayClass11_0.<HandleBasicDeliver>b__0 => RabbitListenerAbstract.<Register>b__19_0 => MyRabbitMqService.Process] []
[2019-01-17 10:31:15.6009] [WebCore.Hosting.MyRabbitMqService.Process] [Info]: ["2019/1/17 10:31:15"] [] [<>c__DisplayClass11_0.<HandleBasicDeliver>b__0 => RabbitListenerAbstract.<Register>b__19_0 => MyRabbitMqService.Process] []
[2019-01-17 10:31:15.6397] [WebCore.Hosting.MyRabbitMqService.Process] [Info]: ["2019/1/17 10:31:15"] [] [<>c__DisplayClass11_0.<HandleBasicDeliver>b__0 => RabbitListenerAbstract.<Register>b__19_0 => MyRabbitMqService.Process] []
[2019-01-17 10:31:15.6695] [WebCore.Hosting.MyRabbitMqService.Process] [Info]: ["2019/1/17 10:31:15"] [] [<>c__DisplayClass11_0.<HandleBasicDeliver>b__0 => RabbitListenerAbstract.<Register>b__19_0 => MyRabbitMqService.Process] []
[2019-01-17 10:31:15.7042] [WebCore.Hosting.MyRabbitMqService.Process] [Info]: ["2019/1/17 10:31:15"] [] [<>c__DisplayClass11_0.<HandleBasicDeliver>b__0 => RabbitListenerAbstract.<Register>b__19_0 => MyRabbitMqService.Process] []
[2019-01-17 10:31:15.7394] [WebCore.Hosting.MyRabbitMqService.Process] [Info]: ["2019/1/17 10:31:15"] [] [<>c__DisplayClass11_0.<HandleBasicDeliver>b__0 => RabbitListenerAbstract.<Register>b__19_0 => MyRabbitMqService.Process] []
[2019-01-17 10:31:15.7742] [WebCore.Hosting.MyRabbitMqService.Process] [Info]: ["2019/1/17 10:31:15"] [] [<>c__DisplayClass11_0.<HandleBasicDeliver>b__0 => RabbitListenerAbstract.<Register>b__19_0 => MyRabbitMqService.Process] []
[2019-01-17 10:31:15.8091] [WebCore.Hosting.MyRabbitMqService.Process] [Info]: ["2019/1/17 10:31:15"] [] [<>c__DisplayClass11_0.<HandleBasicDeliver>b__0 => RabbitListenerAbstract.<Register>b__19_0 => MyRabbitMqService.Process] []
[2019-01-17 10:31:15.8449] [WebCore.Hosting.MyRabbitMqService.Process] [Info]: ["2019/1/17 10:31:15"] [] [<>c__DisplayClass11_0.<HandleBasicDeliver>b__0 => RabbitListenerAbstract.<Register>b__19_0 => MyRabbitMqService.Process] []
[2019-01-17 10:31:15.8811] [WebCore.Hosting.MyRabbitMqService.Process] [Info]: ["2019/1/17 10:31:15"] [] [<>c__DisplayClass11_0.<HandleBasicDeliver>b__0 => RabbitListenerAbstract.<Register>b__19_0 => MyRabbitMqService.Process] []
[2019-01-17 10:31:15.9162] [WebCore.Hosting.MyRabbitMqService.Process] [Info]: ["2019/1/17 10:31:15"] [] [<>c__DisplayClass11_0.<HandleBasicDeliver>b__0 => RabbitListenerAbstract.<Register>b__19_0 => MyRabbitMqService.Process] []
[2019-01-17 10:31:15.9532] [WebCore.Hosting.MyRabbitMqService.Process] [Info]: ["2019/1/17 10:31:15"] [] [<>c__DisplayClass11_0.<HandleBasicDeliver>b__0 => RabbitListenerAbstract.<Register>b__19_0 => MyRabbitMqService.Process] []
[2019-01-17 10:31:15.9884] [WebCore.Hosting.MyRabbitMqService.Process] [Info]: ["2019/1/17 10:31:15"] [] [<>c__DisplayClass11_0.<HandleBasicDeliver>b__0 => RabbitListenerAbstract.<Register>b__19_0 => MyRabbitMqService.Process] []
[2019-01-17 10:31:16.0236] [WebCore.Hosting.MyRabbitMqService.Process] [Info]: ["2019/1/17 10:31:15"] [] [<>c__DisplayClass11_0.<HandleBasicDeliver>b__0 => RabbitListenerAbstract.<Register>b__19_0 => MyRabbitMqService.Process] []
[2019-01-17 10:31:16.0594] [WebCore.Hosting.MyRabbitMqService.Process] [Info]: ["2019/1/17 10:31:15"] [] [<>c__DisplayClass11_0.<HandleBasicDeliver>b__0 => RabbitListenerAbstract.<Register>b__19_0 => MyRabbitMqService.Process] []
[2019-01-17 10:31:16.0945] [WebCore.Hosting.MyRabbitMqService.Process] [Info]: ["2019/1/17 10:31:16"] [] [<>c__DisplayClass11_0.<HandleBasicDeliver>b__0 => RabbitListenerAbstract.<Register>b__19_0 => MyRabbitMqService.Process] []
[2019-01-17 10:31:16.1295] [WebCore.Hosting.MyRabbitMqService.Process] [Info]: ["2019/1/17 10:31:16"] [] [<>c__DisplayClass11_0.<HandleBasicDeliver>b__0 => RabbitListenerAbstract.<Register>b__19_0 => MyRabbitMqService.Process] []
[2019-01-17 10:31:16.1642] [WebCore.Hosting.MyRabbitMqService.Process] [Info]: ["2019/1/17 10:31:16"] [] [<>c__DisplayClass11_0.<HandleBasicDeliver>b__0 => RabbitListenerAbstract.<Register>b__19_0 => MyRabbitMqService.Process] []
[2019-01-17 10:31:16.2019] [WebCore.Hosting.MyRabbitMqService.Process] [Info]: ["2019/1/17 10:31:16"] [] [<>c__DisplayClass11_0.<HandleBasicDeliver>b__0 => RabbitListenerAbstract.<Register>b__19_0 => MyRabbitMqService.Process] []
[2019-01-17 10:31:16.2371] [WebCore.Hosting.MyRabbitMqService.Process] [Info]: ["2019/1/17 10:31:16"] [] [<>c__DisplayClass11_0.<HandleBasicDeliver>b__0 => RabbitListenerAbstract.<Register>b__19_0 => MyRabbitMqService.Process] []
[2019-01-17 10:31:16.2720] [WebCore.Hosting.MyRabbitMqService.Process] [Info]: ["2019/1/17 10:31:16"] [] [<>c__DisplayClass11_0.<HandleBasicDeliver>b__0 => RabbitListenerAbstract.<Register>b__19_0 => MyRabbitMqService.Process] []
[2019-01-17 10:31:16.3082] [WebCore.Hosting.MyRabbitMqService.Process] [Info]: ["2019/1/17 10:31:16"] [] [<>c__DisplayClass11_0.<HandleBasicDeliver>b__0 => RabbitListenerAbstract.<Register>b__19_0 => MyRabbitMqService.Process] []
[2019-01-17 10:31:16.3434] [WebCore.Hosting.MyRabbitMqService.Process] [Info]: ["2019/1/17 10:31:16"] [] [<>c__DisplayClass11_0.<HandleBasicDeliver>b__0 => RabbitListenerAbstract.<Register>b__19_0 => MyRabbitMqService.Process] []
[2019-01-17 10:31:16.3792] [WebCore.Hosting.MyRabbitMqService.Process] [Info]: ["2019/1/17 10:31:16"] [] [<>c__DisplayClass11_0.<HandleBasicDeliver>b__0 => RabbitListenerAbstract.<Register>b__19_0 => MyRabbitMqService.Process] []
[2019-01-17 10:31:16.4158] [WebCore.Hosting.MyRabbitMqService.Process] [Info]: ["2019/1/17 10:31:16"] [] [<>c__DisplayClass11_0.<HandleBasicDeliver>b__0 => RabbitListenerAbstract.<Register>b__19_0 => MyRabbitMqService.Process] []
[2019-01-17 10:31:16.4553] [WebCore.Hosting.MyRabbitMqService.Process] [Info]: ["2019/1/17 10:31:16"] [] [<>c__DisplayClass11_0.<HandleBasicDeliver>b__0 => RabbitListenerAbstract.<Register>b__19_0 => MyRabbitMqService.Process] []
[2019-01-17 10:31:16.4903] [WebCore.Hosting.MyRabbitMqService.Process] [Info]: ["2019/1/17 10:31:16"] [] [<>c__DisplayClass11_0.<HandleBasicDeliver>b__0 => RabbitListenerAbstract.<Register>b__19_0 => MyRabbitMqService.Process] []
[2019-01-17 10:31:16.5275] [WebCore.Hosting.MyRabbitMqService.Process] [Info]: ["2019/1/17 10:31:16"] [] [<>c__DisplayClass11_0.<HandleBasicDeliver>b__0 => RabbitListenerAbstract.<Register>b__19_0 => MyRabbitMqService.Process] []
[2019-01-17 10:31:42.0040] [WebCore.Hosting.MyRabbitMqService.Process] [Info]: ["2019/1/17 10:31:40"] [] [<>c__DisplayClass11_0.<HandleBasicDeliver>b__0 => RabbitListenerAbstract.<Register>b__19_0 => MyRabbitMqService.Process] []
[2019-01-17 10:31:43.0461] [WebCore.Hosting.MyRabbitMqService.Process] [Info]: ["2019/1/17 10:31:42"] [] [<>c__DisplayClass11_0.<HandleBasicDeliver>b__0 => RabbitListenerAbstract.<Register>b__19_0 => MyRabbitMqService.Process] []
[2019-01-17 10:31:44.0870] [WebCore.Hosting.MyRabbitMqService.Process] [Info]: ["2019/1/17 10:31:44"] [] [<>c__DisplayClass11_0.<HandleBasicDeliver>b__0 => RabbitListenerAbstract.<Register>b__19_0 => MyRabbitMqService.Process] []
[2019-01-17 10:31:45.1305] [WebCore.Hosting.MyRabbitMqService.Process] [Info]: ["2019/1/17 10:31:45"] [] [<>c__DisplayClass11_0.<HandleBasicDeliver>b__0 => RabbitListenerAbstract.<Register>b__19_0 => MyRabbitMqService.Process] []
[2019-01-17 10:31:46.2601] [WebCore.Hosting.MyRabbitMqService.Process] [Info]: ["2019/1/17 10:31:46"] [] [<>c__DisplayClass11_0.<HandleBasicDeliver>b__0 => RabbitListenerAbstract.<Register>b__19_0 => MyRabbitMqService.Process] []
[2019-01-17 10:31:47.3041] [WebCore.Hosting.MyRabbitMqService.Process] [Info]: ["2019/1/17 10:31:47"] [] [<>c__DisplayClass11_0.<HandleBasicDeliver>b__0 => RabbitListenerAbstract.<Register>b__19_0 => MyRabbitMqService.Process] []
[2019-01-17 10:31:48.3468] [WebCore.Hosting.MyRabbitMqService.Process] [Info]: ["2019/1/17 10:31:48"] [] [<>c__DisplayClass11_0.<HandleBasicDeliver>b__0 => RabbitListenerAbstract.<Register>b__19_0 => MyRabbitMqService.Process] []
[2019-01-17 10:31:49.4014] [WebCore.Hosting.MyRabbitMqService.Process] [Info]: ["2019/1/17 10:31:49"] [] [<>c__DisplayClass11_0.<HandleBasicDeliver>b__0 => RabbitListenerAbstract.<Register>b__19_0 => MyRabbitMqService.Process] []
[2019-01-17 10:31:50.4260] [WebCore.Hosting.MyRabbitMqService.Process] [Info]: ["2019/1/17 10:31:50"] [] [<>c__DisplayClass11_0.<HandleBasicDeliver>b__0 => RabbitListenerAbstract.<Register>b__19_0 => MyRabbitMqService.Process] []
[2019-01-17 10:31:51.4649] [WebCore.Hosting.MyRabbitMqService.Process] [Info]: ["2019/1/17 10:31:51"] [] [<>c__DisplayClass11_0.<HandleBasicDeliver>b__0 => RabbitListenerAbstract.<Register>b__19_0 => MyRabbitMqService.Process] []
[2019-01-17 10:31:52.5065] [WebCore.Hosting.MyRabbitMqService.Process] [Info]: ["2019/1/17 10:31:52"] [] [<>c__DisplayClass11_0.<HandleBasicDeliver>b__0 => RabbitListenerAbstract.<Register>b__19_0 => MyRabbitMqService.Process] []
[2019-01-17 10:31:53.5537] [WebCore.Hosting.MyRabbitMqService.Process] [Info]: ["2019/1/17 10:31:53"] [] [<>c__DisplayClass11_0.<HandleBasicDeliver>b__0 => RabbitListenerAbstract.<Register>b__19_0 => MyRabbitMqService.Process] []
[2019-01-17 10:31:54.5938] [WebCore.Hosting.MyRabbitMqService.Process] [Info]: ["2019/1/17 10:31:54"] [] [<>c__DisplayClass11_0.<HandleBasicDeliver>b__0 => RabbitListenerAbstract.<Register>b__19_0 => MyRabbitMqService.Process] []
[2019-01-17 10:31:55.6413] [WebCore.Hosting.MyRabbitMqService.Process] [Info]: ["2019/1/17 10:31:55"] [] [<>c__DisplayClass11_0.<HandleBasicDeliver>b__0 => RabbitListenerAbstract.<Register>b__19_0 => MyRabbitMqService.Process] []
[2019-01-17 10:31:56.6804] [WebCore.Hosting.MyRabbitMqService.Process] [Info]: ["2019/1/17 10:31:56"] [] [<>c__DisplayClass11_0.<HandleBasicDeliver>b__0 => RabbitListenerAbstract.<Register>b__19_0 => MyRabbitMqService.Process] []
[2019-01-17 10:31:57.7378] [WebCore.Hosting.MyRabbitMqService.Process] [Info]: ["2019/1/17 10:31:57"] [] [<>c__DisplayClass11_0.<HandleBasicDeliver>b__0 => RabbitListenerAbstract.<Register>b__19_0 => MyRabbitMqService.Process] []
[2019-01-17 10:31:58.7839] [WebCore.Hosting.MyRabbitMqService.Process] [Info]: ["2019/1/17 10:31:58"] [] [<>c__DisplayClass11_0.<HandleBasicDeliver>b__0 => RabbitListenerAbstract.<Register>b__19_0 => MyRabbitMqService.Process] []
[2019-01-17 10:31:59.8232] [WebCore.Hosting.MyRabbitMqService.Process] [Info]: ["2019/1/17 10:31:59"] [] [<>c__DisplayClass11_0.<HandleBasicDeliver>b__0 => RabbitListenerAbstract.<Register>b__19_0 => MyRabbitMqService.Process] []
[2019-01-17 10:32:00.8656] [WebCore.Hosting.MyRabbitMqService.Process] [Info]: ["2019/1/17 10:32:00"] [] [<>c__DisplayClass11_0.<HandleBasicDeliver>b__0 => RabbitListenerAbstract.<Register>b__19_0 => MyRabbitMqService.Process] []
[2019-01-17 10:32:01.9046] [WebCore.Hosting.MyRabbitMqService.Process] [Info]: ["2019/1/17 10:32:01"] [] [<>c__DisplayClass11_0.<HandleBasicDeliver>b__0 => RabbitListenerAbstract.<Register>b__19_0 => MyRabbitMqService.Process] []
[2019-01-17 10:32:02.9617] [WebCore.Hosting.MyRabbitMqService.Process] [Info]: ["2019/1/17 10:32:02"] [] [<>c__DisplayClass11_0.<HandleBasicDeliver>b__0 => RabbitListenerAbstract.<Register>b__19_0 => MyRabbitMqService.Process] []
[2019-01-17 10:32:04.0080] [WebCore.Hosting.MyRabbitMqService.Process] [Info]: ["2019/1/17 10:32:03"] [] [<>c__DisplayClass11_0.<HandleBasicDeliver>b__0 => RabbitListenerAbstract.<Register>b__19_0 => MyRabbitMqService.Process] []
[2019-01-17 10:32:05.0530] [WebCore.Hosting.MyRabbitMqService.Process] [Info]: ["2019/1/17 10:32:04"] [] [<>c__DisplayClass11_0.<HandleBasicDeliver>b__0 => RabbitListenerAbstract.<Register>b__19_0 => MyRabbitMqService.Process] []
