[2019-01-17 11:00:38.9398] [WebCore.Startup+<>c__DisplayClass5_0.<Configure>b__9] [Info]: [网站启动] [] [CancellationTokenSource.ExecuteCallbackHandlers => ExecutionContext.RunInternal => <>c__DisplayClass5_0.<Configure>b__9] []
[2019-01-17 11:00:41.1754] [Microsoft.AspNetCore.Server.Kestrel.Https.Internal.HttpsConnectionAdapter+<InnerOnConnectionAsync>d__10.MoveNext] [Debug]: [Failed to authenticate HTTPS connection.] [] [AsyncStateMachineBox`1.MoveNext => ExecutionContext.RunInternal => <InnerOnConnectionAsync>d__10.MoveNext] []
[2019-01-17 11:00:41.1754] [Microsoft.AspNetCore.Server.Kestrel.Https.Internal.HttpsConnectionAdapter+<InnerOnConnectionAsync>d__10.MoveNext] [Debug]: [Failed to authenticate HTTPS connection.] [] [AsyncStateMachineBox`1.MoveNext => ExecutionContext.RunInternal => <InnerOnConnectionAsync>d__10.MoveNext] []
[2019-01-17 11:00:41.6314] [WebCore.Hosting.MyRabbitMqService+<StartAsync>d__5.MoveNext] [Info]: [RabbitMq开始监听] [] [AsyncStateMachineBox`1.MoveNext => ExecutionContext.RunInternal => <StartAsync>d__5.MoveNext] []
[2019-01-17 11:01:39.9658] [WebCore.Hosting.MyRabbitMqDeclareClient.Publish] [Info]: [建立发布连接] [] [<no type>.lambda_method => TestRabbitMqController.Publish => MyRabbitMqDeclareClient.Publish] []
[2019-01-17 11:01:40.3855] [Microsoft.AspNetCore.Diagnostics.Internal.DiagnosticsLoggerExtensions.UnhandledException] [Error]: [An unhandled exception has occurred while executing the request.] [] [AsyncMethodBuilderCore.Start => <Invoke>d__7.MoveNext => DiagnosticsLoggerExtensions.UnhandledException] []
[2019-01-17 11:02:04.3427] [WebCore.Hosting.MyRabbitMqDeclareClient.Publish] [Info]: [建立发布连接] [] [<no type>.lambda_method => TestRabbitMqController.Publish => MyRabbitMqDeclareClient.Publish] []
[2019-01-17 11:02:38.7100] [Microsoft.AspNetCore.Diagnostics.Internal.DiagnosticsLoggerExtensions.UnhandledException] [Error]: [An unhandled exception has occurred while executing the request.] [] [AsyncMethodBuilderCore.Start => <Invoke>d__7.MoveNext => DiagnosticsLoggerExtensions.UnhandledException] []
[2019-01-17 11:04:58.2177] [WebCore.Hosting.MyRabbitMqDeclareClient.Publish] [Info]: [建立发布连接] [] [<no type>.lambda_method => TestRabbitMqController.Publish => MyRabbitMqDeclareClient.Publish] []
[2019-01-17 11:05:11.7134] [Microsoft.AspNetCore.Diagnostics.Internal.DiagnosticsLoggerExtensions.UnhandledException] [Error]: [An unhandled exception has occurred while executing the request.] [] [AsyncMethodBuilderCore.Start => <Invoke>d__7.MoveNext => DiagnosticsLoggerExtensions.UnhandledException] []
[2019-01-17 11:15:05.1850] [WebCore.Startup+<>c__DisplayClass5_0.<Configure>b__9] [Info]: [网站启动] [] [CancellationTokenSource.ExecuteCallbackHandlers => ExecutionContext.RunInternal => <>c__DisplayClass5_0.<Configure>b__9] []
[2019-01-17 11:15:06.0752] [Microsoft.AspNetCore.Server.Kestrel.Https.Internal.HttpsConnectionAdapter+<InnerOnConnectionAsync>d__10.MoveNext] [Debug]: [Failed to authenticate HTTPS connection.] [] [AsyncStateMachineBox`1.MoveNext => ExecutionContext.RunInternal => <InnerOnConnectionAsync>d__10.MoveNext] []
[2019-01-17 11:15:07.2806] [WebCore.Hosting.MyRabbitMqService+<StartAsync>d__5.MoveNext] [Info]: [RabbitMq开始监听] [] [AsyncStateMachineBox`1.MoveNext => ExecutionContext.RunInternal => <StartAsync>d__5.MoveNext] []
[2019-01-17 11:15:24.2938] [WebCore.Hosting.MyRabbitMqService.Process] [Info]: ["ss"] [] [<>c__DisplayClass11_0.<HandleBasicDeliver>b__0 => RabbitListenerAbstract.<Register>b__13_0 => MyRabbitMqService.Process] []
[2019-01-17 11:15:37.3034] [WebCore.Hosting.MyRabbitMqService.Process] [Info]: ["ss"] [] [<>c__DisplayClass11_0.<HandleBasicDeliver>b__0 => RabbitListenerAbstract.<Register>b__13_0 => MyRabbitMqService.Process] []
[2019-01-17 11:15:44.2893] [WebCore.Hosting.MyRabbitMqService.Process] [Info]: ["ss"] [] [<>c__DisplayClass11_0.<HandleBasicDeliver>b__0 => RabbitListenerAbstract.<Register>b__13_0 => MyRabbitMqService.Process] []
[2019-01-17 11:15:44.3253] [WebCore.Hosting.MyRabbitMqService.Process] [Info]: ["ss"] [] [<>c__DisplayClass11_0.<HandleBasicDeliver>b__0 => RabbitListenerAbstract.<Register>b__13_0 => MyRabbitMqService.Process] []
[2019-01-17 11:15:45.2993] [WebCore.Hosting.MyRabbitMqService.Process] [Info]: ["ss"] [] [<>c__DisplayClass11_0.<HandleBasicDeliver>b__0 => RabbitListenerAbstract.<Register>b__13_0 => MyRabbitMqService.Process] []
[2019-01-17 11:15:45.3350] [WebCore.Hosting.MyRabbitMqService.Process] [Info]: ["ss"] [] [<>c__DisplayClass11_0.<HandleBasicDeliver>b__0 => RabbitListenerAbstract.<Register>b__13_0 => MyRabbitMqService.Process] []
[2019-01-17 11:15:45.3716] [WebCore.Hosting.MyRabbitMqService.Process] [Info]: ["ss"] [] [<>c__DisplayClass11_0.<HandleBasicDeliver>b__0 => RabbitListenerAbstract.<Register>b__13_0 => MyRabbitMqService.Process] []
[2019-01-17 11:15:46.2829] [WebCore.Hosting.MyRabbitMqService.Process] [Info]: ["ss"] [] [<>c__DisplayClass11_0.<HandleBasicDeliver>b__0 => RabbitListenerAbstract.<Register>b__13_0 => MyRabbitMqService.Process] []
[2019-01-17 11:15:46.3203] [WebCore.Hosting.MyRabbitMqService.Process] [Info]: ["ss"] [] [<>c__DisplayClass11_0.<HandleBasicDeliver>b__0 => RabbitListenerAbstract.<Register>b__13_0 => MyRabbitMqService.Process] []
[2019-01-17 11:15:46.5695] [WebCore.Hosting.MyRabbitMqService.Process] [Info]: ["ss"] [] [<>c__DisplayClass11_0.<HandleBasicDeliver>b__0 => RabbitListenerAbstract.<Register>b__13_0 => MyRabbitMqService.Process] []
[2019-01-17 11:15:47.2718] [WebCore.Hosting.MyRabbitMqService.Process] [Info]: ["ss"] [] [<>c__DisplayClass11_0.<HandleBasicDeliver>b__0 => RabbitListenerAbstract.<Register>b__13_0 => MyRabbitMqService.Process] []
[2019-01-17 11:15:47.3131] [WebCore.Hosting.MyRabbitMqService.Process] [Info]: ["ss"] [] [<>c__DisplayClass11_0.<HandleBasicDeliver>b__0 => RabbitListenerAbstract.<Register>b__13_0 => MyRabbitMqService.Process] []
[2019-01-17 11:15:47.3504] [WebCore.Hosting.MyRabbitMqService.Process] [Info]: ["ss"] [] [<>c__DisplayClass11_0.<HandleBasicDeliver>b__0 => RabbitListenerAbstract.<Register>b__13_0 => MyRabbitMqService.Process] []
[2019-01-17 11:15:47.3862] [WebCore.Hosting.MyRabbitMqService.Process] [Info]: ["ss"] [] [<>c__DisplayClass11_0.<HandleBasicDeliver>b__0 => RabbitListenerAbstract.<Register>b__13_0 => MyRabbitMqService.Process] []
[2019-01-17 11:15:47.4211] [WebCore.Hosting.MyRabbitMqService.Process] [Info]: ["ss"] [] [<>c__DisplayClass11_0.<HandleBasicDeliver>b__0 => RabbitListenerAbstract.<Register>b__13_0 => MyRabbitMqService.Process] []
[2019-01-17 11:15:48.2997] [WebCore.Hosting.MyRabbitMqService.Process] [Info]: ["ss"] [] [<>c__DisplayClass11_0.<HandleBasicDeliver>b__0 => RabbitListenerAbstract.<Register>b__13_0 => MyRabbitMqService.Process] []
[2019-01-17 11:15:48.3619] [WebCore.Hosting.MyRabbitMqService.Process] [Info]: ["ss"] [] [<>c__DisplayClass11_0.<HandleBasicDeliver>b__0 => RabbitListenerAbstract.<Register>b__13_0 => MyRabbitMqService.Process] []
[2019-01-17 11:15:48.4095] [WebCore.Hosting.MyRabbitMqService.Process] [Info]: ["ss"] [] [<>c__DisplayClass11_0.<HandleBasicDeliver>b__0 => RabbitListenerAbstract.<Register>b__13_0 => MyRabbitMqService.Process] []
[2019-01-17 11:15:48.4735] [WebCore.Hosting.MyRabbitMqService.Process] [Info]: ["ss"] [] [<>c__DisplayClass11_0.<HandleBasicDeliver>b__0 => RabbitListenerAbstract.<Register>b__13_0 => MyRabbitMqService.Process] []
[2019-01-17 11:15:48.5387] [WebCore.Hosting.MyRabbitMqService.Process] [Info]: ["ss"] [] [<>c__DisplayClass11_0.<HandleBasicDeliver>b__0 => RabbitListenerAbstract.<Register>b__13_0 => MyRabbitMqService.Process] []
[2019-01-17 11:15:49.2610] [WebCore.Hosting.MyRabbitMqService.Process] [Info]: ["ss"] [] [<>c__DisplayClass11_0.<HandleBasicDeliver>b__0 => RabbitListenerAbstract.<Register>b__13_0 => MyRabbitMqService.Process] []
[2019-01-17 11:15:49.2998] [WebCore.Hosting.MyRabbitMqService.Process] [Info]: ["ss"] [] [<>c__DisplayClass11_0.<HandleBasicDeliver>b__0 => RabbitListenerAbstract.<Register>b__13_0 => MyRabbitMqService.Process] []
[2019-01-17 11:15:49.3652] [WebCore.Hosting.MyRabbitMqService.Process] [Info]: ["ss"] [] [<>c__DisplayClass11_0.<HandleBasicDeliver>b__0 => RabbitListenerAbstract.<Register>b__13_0 => MyRabbitMqService.Process] []
